Started GET "/" for 127.0.0.1 at 2021-12-22 23:18:57 +0630
Processing by Rails::WelcomeController#index as HTML
  Rendering /var/lib/gems/2.7.0/gems/railties-7.0.0/lib/rails/templates/rails/welcome/index.html.erb
  Rendered /var/lib/gems/2.7.0/gems/railties-7.0.0/lib/rails/templates/rails/welcome/index.html.erb (Duration: 7.6ms | Allocations: 664)
Completed 200 OK in 44ms (Views: 21.7ms | ActiveRecord: 0.0ms | Allocations: 6508)


  [1m[35m (2502.9ms)[0m  [1m[35mCREATE TABLE `schema_migrations` (`version` varchar(255) NOT NULL PRIMARY KEY)[0m
  [1m[35m (1148.6ms)[0m  [1m[35mCREATE TABLE `ar_internal_metadata` (`key` varchar(255) NOT NULL PRIMARY KEY, `value` varchar(255), `created_at` datetime(6) NOT NULL, `updated_at` datetime(6) NOT NULL)[0m
  [1m[35m (14.1ms)[0m  [1m[34mSELECT GET_LOCK('2129945251456623720', 0)[0m
  [1m[36mActiveRecord::SchemaMigration Pluck (6.0ms)[0m  [1m[34mSELECT `schema_migrations`.`version` FROM `schema_migrations` ORDER BY `schema_migrations`.`version` ASC[0m
Migrating to CreatePosts (20211222165101)
  [1m[35m (905.0ms)[0m  [1m[35mCREATE TABLE `posts` (`id` bigint NOT NULL AUTO_INCREMENT PRIMARY KEY, `title` varchar(255), `description` text, `public_flag` tinyint(1), `user_name` varchar(255), `created_at` datetime(6) NOT NULL, `updated_at` datetime(6) NOT NULL)[0m
  [1m[36mTRANSACTION (0.4ms)[0m  [1m[35mBEGIN[0m
  [1m[36mActiveRecord::SchemaMigration Create (108.8ms)[0m  [1m[32mINSERT INTO `schema_migrations` (`version`) VALUES ('20211222165101')[0m
  [1m[36mTRANSACTION (132.1ms)[0m  [1m[35mCOMMIT[0m
  [1m[36mActiveRecord::InternalMetadata Load (0.8ms)[0m  [1m[34mSELECT `ar_internal_metadata`.* FROM `ar_internal_metadata` WHERE `ar_internal_metadata`.`key` = 'environment' LIMIT 1[0m
  [1m[36mTRANSACTION (43.6ms)[0m  [1m[35mBEGIN[0m
  [1m[36mActiveRecord::InternalMetadata Create (0.4ms)[0m  [1m[32mINSERT INTO `ar_internal_metadata` (`key`, `value`, `created_at`, `updated_at`) VALUES ('environment', 'development', '2021-12-22 17:00:10.808611', '2021-12-22 17:00:10.808611')[0m
  [1m[36mTRANSACTION (191.8ms)[0m  [1m[35mCOMMIT[0m
  [1m[35m (0.2ms)[0m  [1m[34mSELECT RELEASE_LOCK('2129945251456623720')[0m
  [1m[36mActiveRecord::SchemaMigration Pluck (0.5ms)[0m  [1m[34mSELECT `schema_migrations`.`version` FROM `schema_migrations` ORDER BY `schema_migrations`.`version` ASC[0m
Started GET "/" for 127.0.0.1 at 2021-12-22 23:44:06 +0630
  [1m[36mActiveRecord::SchemaMigration Pluck (0.7ms)[0m  [1m[34mSELECT `schema_migrations`.`version` FROM `schema_migrations` ORDER BY `schema_migrations`.`version` ASC[0m
Processing by Rails::WelcomeController#index as HTML
  Rendering /var/lib/gems/2.7.0/gems/railties-7.0.0/lib/rails/templates/rails/welcome/index.html.erb
  Rendered /var/lib/gems/2.7.0/gems/railties-7.0.0/lib/rails/templates/rails/welcome/index.html.erb (Duration: 4.1ms | Allocations: 552)
Completed 200 OK in 28ms (Views: 12.1ms | ActiveRecord: 0.0ms | Allocations: 5169)


Started GET "/" for 127.0.0.1 at 2021-12-22 23:44:08 +0630
Processing by Rails::WelcomeController#index as HTML
  Rendering /var/lib/gems/2.7.0/gems/railties-7.0.0/lib/rails/templates/rails/welcome/index.html.erb
  Rendered /var/lib/gems/2.7.0/gems/railties-7.0.0/lib/rails/templates/rails/welcome/index.html.erb (Duration: 2.0ms | Allocations: 351)
Completed 200 OK in 9ms (Views: 7.4ms | ActiveRecord: 0.0ms | Allocations: 1111)


Started GET "/" for 127.0.0.1 at 2021-12-22 23:44:13 +0630
Processing by Rails::WelcomeController#index as HTML
  Rendering /var/lib/gems/2.7.0/gems/railties-7.0.0/lib/rails/templates/rails/welcome/index.html.erb
  Rendered /var/lib/gems/2.7.0/gems/railties-7.0.0/lib/rails/templates/rails/welcome/index.html.erb (Duration: 0.3ms | Allocations: 22)
Completed 200 OK in 5ms (Views: 4.5ms | ActiveRecord: 0.0ms | Allocations: 232)


Started GET "/" for 127.0.0.1 at 2021-12-22 23:44:15 +0630
Processing by Rails::WelcomeController#index as HTML
  Rendering /var/lib/gems/2.7.0/gems/railties-7.0.0/lib/rails/templates/rails/welcome/index.html.erb
  Rendered /var/lib/gems/2.7.0/gems/railties-7.0.0/lib/rails/templates/rails/welcome/index.html.erb (Duration: 0.4ms | Allocations: 22)
Completed 200 OK in 7ms (Views: 5.9ms | ActiveRecord: 0.0ms | Allocations: 231)


Started GET "/" for 127.0.0.1 at 2021-12-22 23:45:04 +0630
Processing by PostsController#index as HTML
  Rendering layout layouts/application.html.erb
  Rendering posts/index.html.erb within layouts/application
  [1m[36mPost Load (0.8ms)[0m  [1m[34mSELECT `posts`.* FROM `posts`[0m
  ↳ app/views/posts/index.html.erb:6
  Rendered posts/index.html.erb within layouts/application (Duration: 19.3ms | Allocations: 1045)
  Rendered layout layouts/application.html.erb (Duration: 720.7ms | Allocations: 94679)
Completed 200 OK in 745ms (Views: 729.3ms | ActiveRecord: 0.8ms | Allocations: 96034)


Started GET "/posts/new" for 127.0.0.1 at 2021-12-22 23:45:11 +0630
Processing by PostsController#new as HTML
  Rendering layout layouts/application.html.erb
  Rendering posts/new.html.erb within layouts/application
  Rendered posts/_form.html.erb (Duration: 106.6ms | Allocations: 3281)
  Rendered posts/new.html.erb within layouts/application (Duration: 109.1ms | Allocations: 3588)
  Rendered layout layouts/application.html.erb (Duration: 115.5ms | Allocations: 5632)
Completed 200 OK in 146ms (Views: 116.6ms | ActiveRecord: 8.6ms | Allocations: 11335)


Started POST "/posts" for 127.0.0.1 at 2021-12-22 23:45:13 +0630
Processing by PostsController#create as TURBO_STREAM
  Parameters: {"authenticity_token"=>"[FILTERED]", "commit"=>"Create Post"}
  [1m[36mTRANSACTION (0.3ms)[0m  [1m[35mBEGIN[0m
  ↳ app/controllers/posts_controller.rb:27:in `block in create'
  [1m[36mPost Create (0.9ms)[0m  [1m[32mINSERT INTO `posts` (`title`, `description`, `public_flag`, `user_name`, `created_at`, `updated_at`) VALUES (NULL, NULL, NULL, NULL, '2021-12-22 17:15:13.379308', '2021-12-22 17:15:13.379308')[0m
  ↳ app/controllers/posts_controller.rb:27:in `block in create'
  [1m[36mTRANSACTION (161.2ms)[0m  [1m[35mCOMMIT[0m
  ↳ app/controllers/posts_controller.rb:27:in `block in create'
Redirected to http://127.0.0.1:3000/posts/1
Completed 302 Found in 176ms (ActiveRecord: 162.4ms | Allocations: 3259)


Started GET "/posts/1" for 127.0.0.1 at 2021-12-22 23:45:13 +0630
Processing by PostsController#show as TURBO_STREAM
  Parameters: {"id"=>"1"}
  [1m[36mPost Load (0.7ms)[0m  [1m[34mSELECT `posts`.* FROM `posts` WHERE `posts`.`id` = 1 LIMIT 1[0m
  ↳ app/controllers/posts_controller.rb:63:in `set_post'
  Rendering layout layouts/application.html.erb
  Rendering posts/show.html.erb within layouts/application
  Rendered posts/_post.html.erb (Duration: 26.8ms | Allocations: 145)
  Rendered posts/show.html.erb within layouts/application (Duration: 156.6ms | Allocations: 1255)
  Rendered layout layouts/application.html.erb (Duration: 162.5ms | Allocations: 3292)
Completed 200 OK in 175ms (Views: 164.6ms | ActiveRecord: 0.7ms | Allocations: 5830)


Started GET "/posts/1/edit" for 127.0.0.1 at 2021-12-22 23:45:17 +0630
Processing by PostsController#edit as HTML
  Parameters: {"id"=>"1"}
  [1m[36mPost Load (1.2ms)[0m  [1m[34mSELECT `posts`.* FROM `posts` WHERE `posts`.`id` = 1 LIMIT 1[0m
  ↳ app/controllers/posts_controller.rb:63:in `set_post'
  Rendering layout layouts/application.html.erb
  Rendering posts/edit.html.erb within layouts/application
  Rendered posts/_form.html.erb (Duration: 2.3ms | Allocations: 584)
  Rendered posts/edit.html.erb within layouts/application (Duration: 6.7ms | Allocations: 873)
  Rendered layout layouts/application.html.erb (Duration: 18.4ms | Allocations: 2903)
Completed 200 OK in 29ms (Views: 21.8ms | ActiveRecord: 1.2ms | Allocations: 3704)


Started PATCH "/posts/1" for 127.0.0.1 at 2021-12-22 23:45:18 +0630
Processing by PostsController#update as TURBO_STREAM
  Parameters: {"authenticity_token"=>"[FILTERED]", "commit"=>"Update Post", "id"=>"1"}
  [1m[36mPost Load (0.5ms)[0m  [1m[34mSELECT `posts`.* FROM `posts` WHERE `posts`.`id` = 1 LIMIT 1[0m
  ↳ app/controllers/posts_controller.rb:63:in `set_post'
Redirected to http://127.0.0.1:3000/posts/1
Completed 302 Found in 11ms (ActiveRecord: 0.5ms | Allocations: 1097)


Started GET "/posts/1" for 127.0.0.1 at 2021-12-22 23:45:18 +0630
Processing by PostsController#show as TURBO_STREAM
  Parameters: {"id"=>"1"}
  [1m[36mPost Load (0.7ms)[0m  [1m[34mSELECT `posts`.* FROM `posts` WHERE `posts`.`id` = 1 LIMIT 1[0m
  ↳ app/controllers/posts_controller.rb:63:in `set_post'
  Rendering layout layouts/application.html.erb
  Rendering posts/show.html.erb within layouts/application
  Rendered posts/_post.html.erb (Duration: 0.1ms | Allocations: 19)
  Rendered posts/show.html.erb within layouts/application (Duration: 3.5ms | Allocations: 525)
  Rendered layout layouts/application.html.erb (Duration: 13.2ms | Allocations: 2544)
Completed 200 OK in 22ms (Views: 14.4ms | ActiveRecord: 0.7ms | Allocations: 3284)


Started DELETE "/posts/1" for 127.0.0.1 at 2021-12-22 23:45:20 +0630
Processing by PostsController#destroy as TURBO_STREAM
  Parameters: {"authenticity_token"=>"[FILTERED]", "id"=>"1"}
  [1m[36mPost Load (0.7ms)[0m  [1m[34mSELECT `posts`.* FROM `posts` WHERE `posts`.`id` = 1 LIMIT 1[0m
  ↳ app/controllers/posts_controller.rb:63:in `set_post'
  [1m[36mTRANSACTION (0.2ms)[0m  [1m[35mBEGIN[0m
  ↳ app/controllers/posts_controller.rb:52:in `destroy'
  [1m[36mPost Destroy (25.2ms)[0m  [1m[31mDELETE FROM `posts` WHERE `posts`.`id` = 1[0m
  ↳ app/controllers/posts_controller.rb:52:in `destroy'
  [1m[36mTRANSACTION (230.8ms)[0m  [1m[35mCOMMIT[0m
  ↳ app/controllers/posts_controller.rb:52:in `destroy'
Redirected to http://127.0.0.1:3000/posts
Completed 302 Found in 270ms (ActiveRecord: 256.9ms | Allocations: 2425)


Started GET "/posts" for 127.0.0.1 at 2021-12-22 23:45:20 +0630
Processing by PostsController#index as TURBO_STREAM
  Rendering layout layouts/application.html.erb
  Rendering posts/index.html.erb within layouts/application
  [1m[36mPost Load (0.5ms)[0m  [1m[34mSELECT `posts`.* FROM `posts`[0m
  ↳ app/views/posts/index.html.erb:6
  Rendered posts/index.html.erb within layouts/application (Duration: 5.0ms | Allocations: 822)
  Rendered layout layouts/application.html.erb (Duration: 14.8ms | Allocations: 2851)
Completed 200 OK in 18ms (Views: 16.5ms | ActiveRecord: 0.5ms | Allocations: 3121)


Started GET "/posts/new" for 127.0.0.1 at 2021-12-22 23:45:46 +0630
Processing by PostsController#new as HTML
  Rendering layout layouts/application.html.erb
  Rendering posts/new.html.erb within layouts/application
  Rendered posts/_form.html.erb (Duration: 3.2ms | Allocations: 503)
  Rendered posts/new.html.erb within layouts/application (Duration: 9.8ms | Allocations: 591)
  Rendered layout layouts/application.html.erb (Duration: 19.1ms | Allocations: 2618)
Completed 200 OK in 21ms (Views: 20.1ms | ActiveRecord: 0.0ms | Allocations: 2887)


Started POST "/posts" for 127.0.0.1 at 2021-12-22 23:50:00 +0630
Processing by PostsController#create as TURBO_STREAM
  Parameters: {"authenticity_token"=>"[FILTERED]", "commit"=>"Create Post"}
  [1m[36mTRANSACTION (0.2ms)[0m  [1m[35mBEGIN[0m
  ↳ app/controllers/posts_controller.rb:27:in `block in create'
  [1m[36mPost Create (15.3ms)[0m  [1m[32mINSERT INTO `posts` (`title`, `description`, `public_flag`, `user_name`, `created_at`, `updated_at`) VALUES (NULL, NULL, NULL, NULL, '2021-12-22 17:20:00.181754', '2021-12-22 17:20:00.181754')[0m
  ↳ app/controllers/posts_controller.rb:27:in `block in create'
  [1m[36mTRANSACTION (157.5ms)[0m  [1m[35mCOMMIT[0m
  ↳ app/controllers/posts_controller.rb:27:in `block in create'
Redirected to http://127.0.0.1:3000/posts/2
Completed 302 Found in 182ms (ActiveRecord: 173.0ms | Allocations: 2174)


Started GET "/posts/2" for 127.0.0.1 at 2021-12-22 23:50:00 +0630
Processing by PostsController#show as TURBO_STREAM
  Parameters: {"id"=>"2"}
  [1m[36mPost Load (0.5ms)[0m  [1m[34mSELECT `posts`.* FROM `posts` WHERE `posts`.`id` = 2 LIMIT 1[0m
  ↳ app/controllers/posts_controller.rb:63:in `set_post'
  Rendering layout layouts/application.html.erb
  Rendering posts/show.html.erb within layouts/application
  Rendered posts/_post.html.erb (Duration: 0.1ms | Allocations: 19)
  Rendered posts/show.html.erb within layouts/application (Duration: 2.7ms | Allocations: 539)
  Rendered layout layouts/application.html.erb (Duration: 11.6ms | Allocations: 2558)
Completed 200 OK in 16ms (Views: 13.2ms | ActiveRecord: 0.5ms | Allocations: 3295)


Started GET "/posts" for 127.0.0.1 at 2021-12-22 23:50:08 +0630
Processing by PostsController#index as HTML
  Rendering layout layouts/application.html.erb
  Rendering posts/index.html.erb within layouts/application
  [1m[36mPost Load (0.6ms)[0m  [1m[34mSELECT `posts`.* FROM `posts`[0m
  ↳ app/views/posts/index.html.erb:6
  Rendered posts/_post.html.erb (Duration: 0.1ms | Allocations: 19)
  Rendered posts/index.html.erb within layouts/application (Duration: 4.7ms | Allocations: 949)
  Rendered layout layouts/application.html.erb (Duration: 12.9ms | Allocations: 2977)
Completed 200 OK in 14ms (Views: 13.0ms | ActiveRecord: 0.6ms | Allocations: 3243)


Started GET "/posts/2" for 127.0.0.1 at 2021-12-22 23:50:10 +0630
Processing by PostsController#show as HTML
  Parameters: {"id"=>"2"}
  [1m[36mPost Load (0.9ms)[0m  [1m[34mSELECT `posts`.* FROM `posts` WHERE `posts`.`id` = 2 LIMIT 1[0m
  ↳ app/controllers/posts_controller.rb:63:in `set_post'
  Rendering layout layouts/application.html.erb
  Rendering posts/show.html.erb within layouts/application
  Rendered posts/_post.html.erb (Duration: 0.2ms | Allocations: 19)
  Rendered posts/show.html.erb within layouts/application (Duration: 2.7ms | Allocations: 500)
  Rendered layout layouts/application.html.erb (Duration: 9.7ms | Allocations: 2519)
Completed 200 OK in 17ms (Views: 12.2ms | ActiveRecord: 0.9ms | Allocations: 3255)


Started GET "/posts" for 127.0.0.1 at 2021-12-22 23:50:12 +0630
Processing by PostsController#index as HTML
  Rendering layout layouts/application.html.erb
  Rendering posts/index.html.erb within layouts/application
  [1m[36mPost Load (0.6ms)[0m  [1m[34mSELECT `posts`.* FROM `posts`[0m
  ↳ app/views/posts/index.html.erb:6
  Rendered posts/_post.html.erb (Duration: 0.5ms | Allocations: 19)
  Rendered posts/index.html.erb within layouts/application (Duration: 5.2ms | Allocations: 955)
  Rendered layout layouts/application.html.erb (Duration: 15.1ms | Allocations: 2983)
Completed 200 OK in 17ms (Views: 15.7ms | ActiveRecord: 0.6ms | Allocations: 3249)


Started GET "/posts/new" for 127.0.0.1 at 2021-12-22 23:50:14 +0630
Processing by PostsController#new as HTML
  Rendering layout layouts/application.html.erb
  Rendering posts/new.html.erb within layouts/application
  Rendered posts/_form.html.erb (Duration: 2.0ms | Allocations: 511)
  Rendered posts/new.html.erb within layouts/application (Duration: 2.7ms | Allocations: 599)
  Rendered layout layouts/application.html.erb (Duration: 9.2ms | Allocations: 2626)
Completed 200 OK in 12ms (Views: 11.3ms | ActiveRecord: 0.0ms | Allocations: 2895)


  [1m[36mPost Load (17.4ms)[0m  [1m[34mSELECT `posts`.* FROM `posts`[0m
Started GET "/posts/new" for 127.0.0.1 at 2021-12-23 00:00:49 +0630
Processing by PostsController#new as HTML
  Rendering layout layouts/application.html.erb
  Rendering posts/new.html.erb within layouts/application
Started GET "/" for 127.0.0.1 at 2021-12-23 00:01:04 +0630
  [1m[36mActiveRecord::SchemaMigration Pluck (1.2ms)[0m  [1m[34mSELECT `schema_migrations`.`version` FROM `schema_migrations` ORDER BY `schema_migrations`.`version` ASC[0m
Processing by PostsController#index as HTML
  Rendering layout layouts/application.html.erb
  Rendering posts/index.html.erb within layouts/application
  [1m[36mPost Load (0.6ms)[0m  [1m[34mSELECT `posts`.* FROM `posts`[0m
  ↳ app/views/posts/index.html.erb:6
  Rendered posts/_post.html.erb (Duration: 1.3ms | Allocations: 150)
  Rendered posts/index.html.erb within layouts/application (Duration: 120.1ms | Allocations: 7251)
  Rendered layout layouts/application.html.erb (Duration: 778.3ms | Allocations: 40183)
Completed 200 OK in 895ms (Views: 784.1ms | ActiveRecord: 7.7ms | Allocations: 45363)


Started GET "/posts/new" for 127.0.0.1 at 2021-12-23 00:01:10 +0630
Processing by PostsController#new as HTML
  Rendering layout layouts/application.html.erb
  Rendering posts/new.html.erb within layouts/application
Started GET "/" for 127.0.0.1 at 2021-12-23 00:02:03 +0630
  [1m[36mActiveRecord::SchemaMigration Pluck (0.6ms)[0m  [1m[34mSELECT `schema_migrations`.`version` FROM `schema_migrations` ORDER BY `schema_migrations`.`version` ASC[0m
Processing by PostsController#index as HTML
  Rendering layout layouts/application.html.erb
  Rendering posts/index.html.erb within layouts/application
  [1m[36mPost Load (14.6ms)[0m  [1m[34mSELECT `posts`.* FROM `posts`[0m
  ↳ app/views/posts/index.html.erb:6
  Rendered posts/_post.html.erb (Duration: 0.7ms | Allocations: 150)
  Rendered posts/index.html.erb within layouts/application (Duration: 51.7ms | Allocations: 7239)
  Rendered layout layouts/application.html.erb (Duration: 148.7ms | Allocations: 40616)
Completed 200 OK in 174ms (Views: 133.2ms | ActiveRecord: 19.6ms | Allocations: 45795)


Started GET "/posts/2" for 127.0.0.1 at 2021-12-23 00:02:05 +0630
Processing by PostsController#show as HTML
  Parameters: {"id"=>"2"}
  [1m[36mPost Load (0.4ms)[0m  [1m[34mSELECT `posts`.* FROM `posts` WHERE `posts`.`id` = 2 LIMIT 1[0m
  ↳ app/controllers/posts_controller.rb:63:in `set_post'
  Rendering layout layouts/application.html.erb
  Rendering posts/show.html.erb within layouts/application
  Rendered posts/_post.html.erb (Duration: 0.1ms | Allocations: 19)
  Rendered posts/show.html.erb within layouts/application (Duration: 21.4ms | Allocations: 732)
  Rendered layout layouts/application.html.erb (Duration: 25.4ms | Allocations: 2762)
Completed 200 OK in 67ms (Views: 26.4ms | ActiveRecord: 0.4ms | Allocations: 5264)


Started DELETE "/posts/2" for 127.0.0.1 at 2021-12-23 00:02:08 +0630
Processing by PostsController#destroy as TURBO_STREAM
  Parameters: {"authenticity_token"=>"[FILTERED]", "id"=>"2"}
  [1m[36mPost Load (0.8ms)[0m  [1m[34mSELECT `posts`.* FROM `posts` WHERE `posts`.`id` = 2 LIMIT 1[0m
  ↳ app/controllers/posts_controller.rb:63:in `set_post'
  [1m[36mTRANSACTION (0.3ms)[0m  [1m[35mBEGIN[0m
  ↳ app/controllers/posts_controller.rb:52:in `destroy'
  [1m[36mPost Destroy (49.8ms)[0m  [1m[31mDELETE FROM `posts` WHERE `posts`.`id` = 2[0m
  ↳ app/controllers/posts_controller.rb:52:in `destroy'
  [1m[36mTRANSACTION (315.8ms)[0m  [1m[35mCOMMIT[0m
  ↳ app/controllers/posts_controller.rb:52:in `destroy'
Redirected to http://127.0.0.1:3000/posts
Completed 302 Found in 377ms (ActiveRecord: 366.7ms | Allocations: 2484)


Started GET "/posts" for 127.0.0.1 at 2021-12-23 00:02:08 +0630
Processing by PostsController#index as TURBO_STREAM
  Rendering layout layouts/application.html.erb
  Rendering posts/index.html.erb within layouts/application
  [1m[36mPost Load (0.5ms)[0m  [1m[34mSELECT `posts`.* FROM `posts`[0m
  ↳ app/views/posts/index.html.erb:6
  Rendered posts/index.html.erb within layouts/application (Duration: 5.4ms | Allocations: 831)
  Rendered layout layouts/application.html.erb (Duration: 13.9ms | Allocations: 2861)
Completed 200 OK in 18ms (Views: 16.6ms | ActiveRecord: 0.5ms | Allocations: 3180)


Started GET "/posts/new" for 127.0.0.1 at 2021-12-23 00:02:11 +0630
Processing by PostsController#new as HTML
  Rendering layout layouts/application.html.erb
  Rendering posts/new.html.erb within layouts/application
Started GET "/" for 127.0.0.1 at 2021-12-23 00:07:10 +0630
  [1m[36mActiveRecord::SchemaMigration Pluck (0.6ms)[0m  [1m[34mSELECT `schema_migrations`.`version` FROM `schema_migrations` ORDER BY `schema_migrations`.`version` ASC[0m
Processing by PostsController#index as HTML
  Rendering layout layouts/application.html.erb
  Rendering posts/index.html.erb within layouts/application
  [1m[36mPost Load (1.5ms)[0m  [1m[34mSELECT `posts`.* FROM `posts`[0m
  ↳ app/views/posts/index.html.erb:6
  Rendered posts/index.html.erb within layouts/application (Duration: 19.6ms | Allocations: 1310)
  Rendered layout layouts/application.html.erb (Duration: 118.8ms | Allocations: 34279)
Completed 200 OK in 143ms (Views: 122.3ms | ActiveRecord: 1.5ms | Allocations: 39458)


Started GET "/posts/new" for 127.0.0.1 at 2021-12-23 00:07:12 +0630
Processing by PostsController#new as HTML
  Rendering layout layouts/application.html.erb
  Rendering posts/new.html.erb within layouts/application
  Rendered posts/_form.html.erb (Duration: 197.3ms | Allocations: 4490)
  Rendered posts/new.html.erb within layouts/application (Duration: 199.0ms | Allocations: 4802)
  Rendered layout layouts/application.html.erb (Duration: 204.1ms | Allocations: 6840)
Completed 200 OK in 236ms (Views: 205.0ms | ActiveRecord: 16.8ms | Allocations: 12547)


Started POST "/posts" for 127.0.0.1 at 2021-12-23 00:07:39 +0630
Processing by PostsController#create as TURBO_STREAM
  Parameters: {"authenticity_token"=>"[FILTERED]", "post"=>{"title"=>"about daw lone", "description"=>"daw lone par so", "public_flag"=>"true", "user_name"=>"Daw lone"}, "commit"=>"Create Post"}
Completed 500 Internal Server Error in 2ms (ActiveRecord: 0.0ms | Allocations: 776)


  
ActiveModel::ForbiddenAttributesError (ActiveModel::ForbiddenAttributesError):
  
app/controllers/posts_controller.rb:24:in `create'
Started GET "/" for 127.0.0.1 at 2021-12-23 00:14:13 +0630
Processing by PostsController#index as HTML
  Rendering layout layouts/application.html.erb
  Rendering posts/index.html.erb within layouts/application
  [1m[36mPost Load (0.5ms)[0m  [1m[34mSELECT `posts`.* FROM `posts`[0m
  ↳ app/views/posts/index.html.erb:6
  Rendered posts/index.html.erb within layouts/application (Duration: 67.0ms | Allocations: 919)
  Rendered layout layouts/application.html.erb (Duration: 74.8ms | Allocations: 2963)
Completed 200 OK in 78ms (Views: 76.7ms | ActiveRecord: 33.5ms | Allocations: 3231)


Started GET "/" for 127.0.0.1 at 2021-12-23 00:14:13 +0630
Processing by PostsController#index as HTML
  Rendering layout layouts/application.html.erb
  Rendering posts/index.html.erb within layouts/application
  [1m[36mPost Load (2.2ms)[0m  [1m[34mSELECT `posts`.* FROM `posts`[0m
  ↳ app/views/posts/index.html.erb:6
  Rendered posts/index.html.erb within layouts/application (Duration: 6.5ms | Allocations: 807)
  Rendered layout layouts/application.html.erb (Duration: 18.6ms | Allocations: 2835)
Completed 200 OK in 26ms (Views: 22.8ms | ActiveRecord: 2.2ms | Allocations: 3098)


Started GET "/posts/new" for 127.0.0.1 at 2021-12-23 00:14:15 +0630
Processing by PostsController#new as HTML
  Rendering layout layouts/application.html.erb
  Rendering posts/new.html.erb within layouts/application
  Rendered posts/_form.html.erb (Duration: 3.6ms | Allocations: 1231)
  Rendered posts/new.html.erb within layouts/application (Duration: 4.2ms | Allocations: 1319)
  Rendered layout layouts/application.html.erb (Duration: 13.9ms | Allocations: 3347)
Completed 200 OK in 16ms (Views: 15.0ms | ActiveRecord: 0.0ms | Allocations: 3617)


Started GET "/posts" for 127.0.0.1 at 2021-12-23 00:14:17 +0630
Processing by PostsController#index as HTML
  Rendering layout layouts/application.html.erb
  Rendering posts/index.html.erb within layouts/application
  [1m[36mPost Load (0.5ms)[0m  [1m[34mSELECT `posts`.* FROM `posts`[0m
  ↳ app/views/posts/index.html.erb:6
  Rendered posts/index.html.erb within layouts/application (Duration: 4.0ms | Allocations: 809)
  Rendered layout layouts/application.html.erb (Duration: 14.8ms | Allocations: 2839)
Completed 200 OK in 20ms (Views: 18.6ms | ActiveRecord: 0.5ms | Allocations: 3114)


Started GET "/posts/new" for 127.0.0.1 at 2021-12-23 00:14:24 +0630
Processing by PostsController#new as HTML
  Rendering layout layouts/application.html.erb
  Rendering posts/new.html.erb within layouts/application
  Rendered posts/_form.html.erb (Duration: 4.5ms | Allocations: 1231)
  Rendered posts/new.html.erb within layouts/application (Duration: 5.1ms | Allocations: 1319)
  Rendered layout layouts/application.html.erb (Duration: 15.4ms | Allocations: 3348)
Completed 200 OK in 17ms (Views: 16.6ms | ActiveRecord: 0.0ms | Allocations: 3625)


Started POST "/posts" for 127.0.0.1 at 2021-12-23 00:14:32 +0630
Processing by PostsController#create as TURBO_STREAM
  Parameters: {"authenticity_token"=>"[FILTERED]", "post"=>{"title"=>"", "description"=>"", "user_name"=>""}, "commit"=>"Create Post"}
Completed 500 Internal Server Error in 3ms (ActiveRecord: 0.0ms | Allocations: 775)


  
ActiveModel::ForbiddenAttributesError (ActiveModel::ForbiddenAttributesError):
  
app/controllers/posts_controller.rb:24:in `create'
Started GET "/posts" for 127.0.0.1 at 2021-12-23 00:14:35 +0630
Processing by PostsController#index as HTML
  Rendering layout layouts/application.html.erb
  Rendering posts/index.html.erb within layouts/application
  [1m[36mPost Load (0.4ms)[0m  [1m[34mSELECT `posts`.* FROM `posts`[0m
  ↳ app/views/posts/index.html.erb:6
  Rendered posts/index.html.erb within layouts/application (Duration: 3.0ms | Allocations: 806)
  Rendered layout layouts/application.html.erb (Duration: 15.2ms | Allocations: 2850)
Completed 200 OK in 17ms (Views: 15.8ms | ActiveRecord: 0.4ms | Allocations: 3117)


Started GET "/posts" for 127.0.0.1 at 2021-12-23 00:14:35 +0630
Processing by PostsController#index as HTML
  Rendering layout layouts/application.html.erb
  Rendering posts/index.html.erb within layouts/application
  [1m[36mPost Load (0.5ms)[0m  [1m[34mSELECT `posts`.* FROM `posts`[0m
  ↳ app/views/posts/index.html.erb:6
  Rendered posts/index.html.erb within layouts/application (Duration: 5.4ms | Allocations: 807)
  Rendered layout layouts/application.html.erb (Duration: 14.2ms | Allocations: 2851)
Completed 200 OK in 16ms (Views: 14.9ms | ActiveRecord: 0.5ms | Allocations: 3115)


Started GET "/posts/new" for 127.0.0.1 at 2021-12-23 00:14:36 +0630
Processing by PostsController#new as HTML
  Rendering layout layouts/application.html.erb
  Rendering posts/new.html.erb within layouts/application
  Rendered posts/_form.html.erb (Duration: 4.7ms | Allocations: 1231)
  Rendered posts/new.html.erb within layouts/application (Duration: 6.3ms | Allocations: 1319)
  Rendered layout layouts/application.html.erb (Duration: 16.3ms | Allocations: 3346)
Completed 200 OK in 18ms (Views: 17.5ms | ActiveRecord: 0.0ms | Allocations: 3615)


Started POST "/posts" for 127.0.0.1 at 2021-12-23 00:15:06 +0630
Processing by PostsController#create as TURBO_STREAM
  Parameters: {"authenticity_token"=>"[FILTERED]", "post"=>{"title"=>"omo ", "description"=>"omo omo", "public_flag"=>"true", "user_name"=>"omo omo"}, "commit"=>"Create Post"}
Completed 500 Internal Server Error in 2ms (ActiveRecord: 0.0ms | Allocations: 776)


  
ActiveModel::ForbiddenAttributesError (ActiveModel::ForbiddenAttributesError):
  
app/controllers/posts_controller.rb:24:in `create'
Started GET "/posts" for 127.0.0.1 at 2021-12-23 00:17:04 +0630
Processing by PostsController#index as HTML
  Rendering layout layouts/application.html.erb
  Rendering posts/index.html.erb within layouts/application
  [1m[36mPost Load (0.6ms)[0m  [1m[34mSELECT `posts`.* FROM `posts`[0m
  ↳ app/views/posts/index.html.erb:6
  Rendered posts/index.html.erb within layouts/application (Duration: 8.6ms | Allocations: 816)
  Rendered layout layouts/application.html.erb (Duration: 71.0ms | Allocations: 14242)
Completed 200 OK in 83ms (Views: 76.6ms | ActiveRecord: 0.6ms | Allocations: 15300)


Started GET "/posts" for 127.0.0.1 at 2021-12-23 00:17:04 +0630
Processing by PostsController#index as HTML
  Rendering layout layouts/application.html.erb
  Rendering posts/index.html.erb within layouts/application
  [1m[36mPost Load (1.5ms)[0m  [1m[34mSELECT `posts`.* FROM `posts`[0m
  ↳ app/views/posts/index.html.erb:6
  Rendered posts/index.html.erb within layouts/application (Duration: 7.2ms | Allocations: 805)
  Rendered layout layouts/application.html.erb (Duration: 17.4ms | Allocations: 2833)
Completed 200 OK in 26ms (Views: 22.1ms | ActiveRecord: 1.5ms | Allocations: 3096)


Started GET "/posts" for 127.0.0.1 at 2021-12-23 00:17:06 +0630
Processing by PostsController#index as HTML
  Rendering layout layouts/application.html.erb
  Rendering posts/index.html.erb within layouts/application
  [1m[36mPost Load (0.5ms)[0m  [1m[34mSELECT `posts`.* FROM `posts`[0m
  ↳ app/views/posts/index.html.erb:6
  Rendered posts/index.html.erb within layouts/application (Duration: 4.5ms | Allocations: 821)
  Rendered layout layouts/application.html.erb (Duration: 11.3ms | Allocations: 2849)
Completed 200 OK in 14ms (Views: 12.9ms | ActiveRecord: 0.5ms | Allocations: 3113)


Started GET "/posts/new" for 127.0.0.1 at 2021-12-23 00:17:12 +0630
Processing by PostsController#new as HTML
  Rendering layout layouts/application.html.erb
  Rendering posts/new.html.erb within layouts/application
  Rendered posts/_form.html.erb (Duration: 4.2ms | Allocations: 1233)
  Rendered posts/new.html.erb within layouts/application (Duration: 4.9ms | Allocations: 1321)
  Rendered layout layouts/application.html.erb (Duration: 13.4ms | Allocations: 3348)
Completed 200 OK in 55ms (Views: 14.6ms | ActiveRecord: 30.0ms | Allocations: 5164)


Started POST "/posts" for 127.0.0.1 at 2021-12-23 00:17:41 +0630
Processing by PostsController#create as TURBO_STREAM
  Parameters: {"authenticity_token"=>"[FILTERED]", "post"=>{"title"=>"How to be a god", "description"=>"Kill the god", "public_flag"=>"true", "user_name"=>"Castiel"}, "commit"=>"Create Post"}
  [1m[36mTRANSACTION (0.5ms)[0m  [1m[35mBEGIN[0m
  ↳ app/controllers/posts_controller.rb:27:in `block in create'
  [1m[36mPost Create (36.2ms)[0m  [1m[32mINSERT INTO `posts` (`title`, `description`, `public_flag`, `user_name`, `created_at`, `updated_at`) VALUES ('How to be a god', 'Kill the god', TRUE, 'Castiel', '2021-12-22 17:47:41.491766', '2021-12-22 17:47:41.491766')[0m
  ↳ app/controllers/posts_controller.rb:27:in `block in create'
  [1m[36mTRANSACTION (217.4ms)[0m  [1m[35mCOMMIT[0m
  ↳ app/controllers/posts_controller.rb:27:in `block in create'
Redirected to http://127.0.0.1:3000/posts/3
Completed 302 Found in 267ms (ActiveRecord: 254.1ms | Allocations: 2937)


Started GET "/posts/3" for 127.0.0.1 at 2021-12-23 00:17:41 +0630
Processing by PostsController#show as TURBO_STREAM
  Parameters: {"id"=>"3"}
  [1m[36mPost Load (0.7ms)[0m  [1m[34mSELECT `posts`.* FROM `posts` WHERE `posts`.`id` = 3 LIMIT 1[0m
  ↳ app/controllers/posts_controller.rb:63:in `set_post'
  Rendering layout layouts/application.html.erb
  Rendering posts/show.html.erb within layouts/application
  Rendered posts/_post.html.erb (Duration: 0.8ms | Allocations: 145)
  Rendered posts/show.html.erb within layouts/application (Duration: 7.5ms | Allocations: 1172)
  Rendered layout layouts/application.html.erb (Duration: 15.0ms | Allocations: 3200)
Completed 200 OK in 35ms (Views: 15.9ms | ActiveRecord: 0.7ms | Allocations: 9300)


  [1m[36mPost Load (0.4ms)[0m  [1m[34mSELECT `posts`.* FROM `posts`[0m
Started GET "/posts/3/edit" for 127.0.0.1 at 2021-12-23 00:19:06 +0630
Processing by PostsController#edit as HTML
  Parameters: {"id"=>"3"}
  [1m[36mPost Load (0.5ms)[0m  [1m[34mSELECT `posts`.* FROM `posts` WHERE `posts`.`id` = 3 LIMIT 1[0m
  ↳ app/controllers/posts_controller.rb:63:in `set_post'
  Rendering layout layouts/application.html.erb
  Rendering posts/edit.html.erb within layouts/application
  Rendered posts/_form.html.erb (Duration: 3.0ms | Allocations: 1296)
  Rendered posts/edit.html.erb within layouts/application (Duration: 45.9ms | Allocations: 1588)
  Rendered layout layouts/application.html.erb (Duration: 51.7ms | Allocations: 3632)
Completed 200 OK in 59ms (Views: 53.1ms | ActiveRecord: 0.5ms | Allocations: 4424)


Started GET "/posts/3" for 127.0.0.1 at 2021-12-23 00:19:12 +0630
Processing by PostsController#show as HTML
  Parameters: {"id"=>"3"}
  [1m[36mPost Load (2.0ms)[0m  [1m[34mSELECT `posts`.* FROM `posts` WHERE `posts`.`id` = 3 LIMIT 1[0m
  ↳ app/controllers/posts_controller.rb:63:in `set_post'
  Rendering layout layouts/application.html.erb
  Rendering posts/show.html.erb within layouts/application
  Rendered posts/_post.html.erb (Duration: 0.1ms | Allocations: 19)
  Rendered posts/show.html.erb within layouts/application (Duration: 1.2ms | Allocations: 500)
  Rendered layout layouts/application.html.erb (Duration: 8.0ms | Allocations: 2519)
Completed 200 OK in 17ms (Views: 9.0ms | ActiveRecord: 2.0ms | Allocations: 3258)


Started PATCH "/posts/3" for 127.0.0.1 at 2021-12-23 00:21:14 +0630
Processing by PostsController#update as TURBO_STREAM
  Parameters: {"authenticity_token"=>"[FILTERED]", "post"=>{"title"=>"How to be a god", "description"=>"Kill the god", "public_flag"=>"true", "user_name"=>"Castiel"}, "commit"=>"Update Post", "id"=>"3"}
  [1m[36mPost Load (0.4ms)[0m  [1m[34mSELECT `posts`.* FROM `posts` WHERE `posts`.`id` = 3 LIMIT 1[0m
  ↳ app/controllers/posts_controller.rb:63:in `set_post'
Redirected to http://127.0.0.1:3000/posts/3
Completed 302 Found in 7ms (ActiveRecord: 0.4ms | Allocations: 1160)


Started GET "/posts/3" for 127.0.0.1 at 2021-12-23 00:21:14 +0630
Processing by PostsController#show as TURBO_STREAM
  Parameters: {"id"=>"3"}
  [1m[36mPost Load (0.5ms)[0m  [1m[34mSELECT `posts`.* FROM `posts` WHERE `posts`.`id` = 3 LIMIT 1[0m
  ↳ app/controllers/posts_controller.rb:63:in `set_post'
  Rendering layout layouts/application.html.erb
  Rendering posts/show.html.erb within layouts/application
  Rendered posts/_post.html.erb (Duration: 0.9ms | Allocations: 138)
  Rendered posts/show.html.erb within layouts/application (Duration: 4.5ms | Allocations: 985)
  Rendered layout layouts/application.html.erb (Duration: 11.0ms | Allocations: 3224)
Completed 200 OK in 20ms (Views: 15.5ms | ActiveRecord: 0.5ms | Allocations: 4685)


Started DELETE "/posts/3" for 127.0.0.1 at 2021-12-23 00:26:02 +0630
Processing by PostsController#destroy as TURBO_STREAM
  Parameters: {"authenticity_token"=>"[FILTERED]", "id"=>"3"}
  [1m[36mPost Load (0.6ms)[0m  [1m[34mSELECT `posts`.* FROM `posts` WHERE `posts`.`id` = 3 LIMIT 1[0m
  ↳ app/controllers/posts_controller.rb:63:in `set_post'
  [1m[36mTRANSACTION (0.3ms)[0m  [1m[35mBEGIN[0m
  ↳ app/controllers/posts_controller.rb:52:in `destroy'
  [1m[36mPost Destroy (21.2ms)[0m  [1m[31mDELETE FROM `posts` WHERE `posts`.`id` = 3[0m
  ↳ app/controllers/posts_controller.rb:52:in `destroy'
  [1m[36mTRANSACTION (207.7ms)[0m  [1m[35mCOMMIT[0m
  ↳ app/controllers/posts_controller.rb:52:in `destroy'
Redirected to http://127.0.0.1:3000/posts
Completed 302 Found in 238ms (ActiveRecord: 229.7ms | Allocations: 2403)


Started GET "/posts" for 127.0.0.1 at 2021-12-23 00:26:02 +0630
Processing by PostsController#index as TURBO_STREAM
  Rendering layout layouts/application.html.erb
  Rendering posts/index.html.erb within layouts/application
  [1m[36mPost Load (0.6ms)[0m  [1m[34mSELECT `posts`.* FROM `posts`[0m
  ↳ app/views/posts/index.html.erb:6
  Rendered posts/index.html.erb within layouts/application (Duration: 5.2ms | Allocations: 1073)
  Rendered layout layouts/application.html.erb (Duration: 11.6ms | Allocations: 3321)
Completed 200 OK in 15ms (Views: 13.4ms | ActiveRecord: 0.6ms | Allocations: 4309)


Started GET "/posts/new" for 127.0.0.1 at 2021-12-23 00:26:03 +0630
Processing by PostsController#new as HTML
  Rendering layout layouts/application.html.erb
  Rendering posts/new.html.erb within layouts/application
  Rendered posts/_form.html.erb (Duration: 25.8ms | Allocations: 1651)
  Rendered posts/new.html.erb within layouts/application (Duration: 28.8ms | Allocations: 1957)
  Rendered layout layouts/application.html.erb (Duration: 34.6ms | Allocations: 3993)
Completed 200 OK in 37ms (Views: 35.6ms | ActiveRecord: 0.0ms | Allocations: 4315)


Started POST "/posts" for 127.0.0.1 at 2021-12-23 00:26:23 +0630
Processing by PostsController#create as TURBO_STREAM
  Parameters: {"authenticity_token"=>"[FILTERED]", "post"=>{"title"=>"Hello ", "description"=>"Hello from Lucifer", "public_flag"=>"true", "user_name"=>"Lucifer"}, "commit"=>"Create Post"}
  [1m[36mTRANSACTION (0.2ms)[0m  [1m[35mBEGIN[0m
  ↳ app/controllers/posts_controller.rb:27:in `block in create'
  [1m[36mPost Create (52.7ms)[0m  [1m[32mINSERT INTO `posts` (`title`, `description`, `public_flag`, `user_name`, `created_at`, `updated_at`) VALUES ('Hello ', 'Hello from Lucifer', TRUE, 'Lucifer', '2021-12-22 17:56:23.615174', '2021-12-22 17:56:23.615174')[0m
  ↳ app/controllers/posts_controller.rb:27:in `block in create'
  [1m[36mTRANSACTION (256.8ms)[0m  [1m[35mCOMMIT[0m
  ↳ app/controllers/posts_controller.rb:27:in `block in create'
Redirected to http://127.0.0.1:3000/posts/4
Completed 302 Found in 318ms (ActiveRecord: 309.7ms | Allocations: 2253)


Started GET "/posts/4" for 127.0.0.1 at 2021-12-23 00:26:23 +0630
Processing by PostsController#show as TURBO_STREAM
  Parameters: {"id"=>"4"}
  [1m[36mPost Load (0.7ms)[0m  [1m[34mSELECT `posts`.* FROM `posts` WHERE `posts`.`id` = 4 LIMIT 1[0m
  ↳ app/controllers/posts_controller.rb:63:in `set_post'
  Rendering layout layouts/application.html.erb
  Rendering posts/show.html.erb within layouts/application
  Rendered posts/_post.html.erb (Duration: 1.1ms | Allocations: 138)
  Rendered posts/show.html.erb within layouts/application (Duration: 18.7ms | Allocations: 1041)
  Rendered layout layouts/application.html.erb (Duration: 23.8ms | Allocations: 3069)
Completed 200 OK in 30ms (Views: 25.1ms | ActiveRecord: 0.7ms | Allocations: 3887)


Started GET "/" for 127.0.0.1 at 2021-12-23 00:28:31 +0630
Processing by PostsController#index as HTML
  Rendering layout layouts/application.html.erb
  Rendering posts/index.html.erb within layouts/application
  [1m[36mPost Load (0.6ms)[0m  [1m[34mSELECT `posts`.* FROM `posts`[0m
  ↳ app/views/posts/index.html.erb:13
  Rendered posts/index.html.erb within layouts/application (Duration: 27.9ms | Allocations: 1202)
  Rendered layout layouts/application.html.erb (Duration: 35.7ms | Allocations: 3450)
Completed 200 OK in 39ms (Views: 37.2ms | ActiveRecord: 0.6ms | Allocations: 4385)


Started GET "/posts/4" for 127.0.0.1 at 2021-12-23 00:28:33 +0630
Processing by PostsController#show as HTML
  Parameters: {"id"=>"4"}
  [1m[36mPost Load (0.5ms)[0m  [1m[34mSELECT `posts`.* FROM `posts` WHERE `posts`.`id` = 4 LIMIT 1[0m
  ↳ app/controllers/posts_controller.rb:63:in `set_post'
  Rendering layout layouts/application.html.erb
  Rendering posts/show.html.erb within layouts/application
  Rendered posts/_post.html.erb (Duration: 0.9ms | Allocations: 138)
  Rendered posts/show.html.erb within layouts/application (Duration: 7.8ms | Allocations: 965)
  Rendered layout layouts/application.html.erb (Duration: 14.4ms | Allocations: 2993)
Completed 200 OK in 18ms (Views: 15.5ms | ActiveRecord: 0.5ms | Allocations: 3807)


Started GET "/posts/4/edit" for 127.0.0.1 at 2021-12-23 00:28:35 +0630
Processing by PostsController#edit as HTML
  Parameters: {"id"=>"4"}
  [1m[36mPost Load (1.0ms)[0m  [1m[34mSELECT `posts`.* FROM `posts` WHERE `posts`.`id` = 4 LIMIT 1[0m
  ↳ app/controllers/posts_controller.rb:63:in `set_post'
  Rendering layout layouts/application.html.erb
  Rendering posts/edit.html.erb within layouts/application
  Rendered posts/_form.html.erb (Duration: 10.2ms | Allocations: 1693)
  Rendered posts/edit.html.erb within layouts/application (Duration: 15.8ms | Allocations: 2033)
  Rendered layout layouts/application.html.erb (Duration: 24.3ms | Allocations: 4061)
Completed 200 OK in 30ms (Views: 25.7ms | ActiveRecord: 1.0ms | Allocations: 4851)


Started PATCH "/posts/4" for 127.0.0.1 at 2021-12-23 00:28:37 +0630
Processing by PostsController#update as TURBO_STREAM
  Parameters: {"authenticity_token"=>"[FILTERED]", "post"=>{"title"=>"Hello ", "description"=>"Hello from Lucifer", "public_flag"=>"true", "user_name"=>"Lucifer"}, "commit"=>"Update Post", "id"=>"4"}
  [1m[36mPost Load (0.4ms)[0m  [1m[34mSELECT `posts`.* FROM `posts` WHERE `posts`.`id` = 4 LIMIT 1[0m
  ↳ app/controllers/posts_controller.rb:63:in `set_post'
Redirected to http://127.0.0.1:3000/posts/4
Completed 302 Found in 6ms (ActiveRecord: 0.4ms | Allocations: 1156)


Started GET "/posts/4" for 127.0.0.1 at 2021-12-23 00:28:37 +0630
Processing by PostsController#show as TURBO_STREAM
  Parameters: {"id"=>"4"}
  [1m[36mPost Load (0.5ms)[0m  [1m[34mSELECT `posts`.* FROM `posts` WHERE `posts`.`id` = 4 LIMIT 1[0m
  ↳ app/controllers/posts_controller.rb:63:in `set_post'
  Rendering layout layouts/application.html.erb
  Rendering posts/show.html.erb within layouts/application
  Rendered posts/_post.html.erb (Duration: 0.3ms | Allocations: 19)
  Rendered posts/show.html.erb within layouts/application (Duration: 2.7ms | Allocations: 596)
  Rendered layout layouts/application.html.erb (Duration: 9.4ms | Allocations: 2615)
Completed 200 OK in 14ms (Views: 10.5ms | ActiveRecord: 0.5ms | Allocations: 3405)


Started DELETE "/posts/4" for 127.0.0.1 at 2021-12-23 00:28:39 +0630
Processing by PostsController#destroy as TURBO_STREAM
  Parameters: {"authenticity_token"=>"[FILTERED]", "id"=>"4"}
  [1m[36mPost Load (0.5ms)[0m  [1m[34mSELECT `posts`.* FROM `posts` WHERE `posts`.`id` = 4 LIMIT 1[0m
  ↳ app/controllers/posts_controller.rb:63:in `set_post'
  [1m[36mTRANSACTION (0.9ms)[0m  [1m[35mBEGIN[0m
  ↳ app/controllers/posts_controller.rb:52:in `destroy'
  [1m[36mPost Destroy (0.9ms)[0m  [1m[31mDELETE FROM `posts` WHERE `posts`.`id` = 4[0m
  ↳ app/controllers/posts_controller.rb:52:in `destroy'
  [1m[36mTRANSACTION (224.7ms)[0m  [1m[35mCOMMIT[0m
  ↳ app/controllers/posts_controller.rb:52:in `destroy'
Redirected to http://127.0.0.1:3000/posts
Completed 302 Found in 241ms (ActiveRecord: 227.0ms | Allocations: 2397)


Started GET "/posts" for 127.0.0.1 at 2021-12-23 00:28:39 +0630
Processing by PostsController#index as TURBO_STREAM
  Rendering layout layouts/application.html.erb
  Rendering posts/index.html.erb within layouts/application
  [1m[36mPost Load (0.6ms)[0m  [1m[34mSELECT `posts`.* FROM `posts`[0m
  ↳ app/views/posts/index.html.erb:13
  Rendered posts/index.html.erb within layouts/application (Duration: 3.8ms | Allocations: 838)
  Rendered layout layouts/application.html.erb (Duration: 9.6ms | Allocations: 2872)
Completed 200 OK in 11ms (Views: 9.8ms | ActiveRecord: 0.6ms | Allocations: 3142)


Started GET "/posts/new" for 127.0.0.1 at 2021-12-23 00:28:40 +0630
Processing by PostsController#new as HTML
  Rendering layout layouts/application.html.erb
  Rendering posts/new.html.erb within layouts/application
  Rendered posts/_form.html.erb (Duration: 5.8ms | Allocations: 1225)
  Rendered posts/new.html.erb within layouts/application (Duration: 9.7ms | Allocations: 1478)
  Rendered layout layouts/application.html.erb (Duration: 20.6ms | Allocations: 3514)
Completed 200 OK in 26ms (Views: 24.3ms | ActiveRecord: 0.0ms | Allocations: 3835)


Started GET "/posts" for 127.0.0.1 at 2021-12-23 00:28:53 +0630
Processing by PostsController#index as HTML
  Rendering layout layouts/application.html.erb
  Rendering posts/index.html.erb within layouts/application
  [1m[36mPost Load (0.6ms)[0m  [1m[34mSELECT `posts`.* FROM `posts`[0m
  ↳ app/views/posts/index.html.erb:13
  Rendered posts/index.html.erb within layouts/application (Duration: 3.8ms | Allocations: 827)
  Rendered layout layouts/application.html.erb (Duration: 10.2ms | Allocations: 2855)
Completed 200 OK in 12ms (Views: 10.8ms | ActiveRecord: 0.6ms | Allocations: 3123)


Started GET "/" for 127.0.0.1 at 2021-12-23 00:29:01 +0630
Processing by PostsController#index as HTML
  Rendering layout layouts/application.html.erb
  Rendering posts/index.html.erb within layouts/application
  [1m[36mPost Load (0.6ms)[0m  [1m[34mSELECT `posts`.* FROM `posts`[0m
  ↳ app/views/posts/index.html.erb:13
  Rendered posts/index.html.erb within layouts/application (Duration: 5.9ms | Allocations: 799)
  Rendered layout layouts/application.html.erb (Duration: 17.4ms | Allocations: 2827)
Completed 200 OK in 22ms (Views: 19.7ms | ActiveRecord: 0.6ms | Allocations: 3090)


Started GET "/index" for 127.0.0.1 at 2021-12-23 00:29:06 +0630
  
ActionController::RoutingError (No route matches [GET] "/index"):
  
Started GET "/" for 127.0.0.1 at 2021-12-23 00:29:12 +0630
Processing by PostsController#index as HTML
  Rendering layout layouts/application.html.erb
  Rendering posts/index.html.erb within layouts/application
  [1m[36mPost Load (0.6ms)[0m  [1m[34mSELECT `posts`.* FROM `posts`[0m
  ↳ app/views/posts/index.html.erb:13
  Rendered posts/index.html.erb within layouts/application (Duration: 7.3ms | Allocations: 807)
  Rendered layout layouts/application.html.erb (Duration: 20.9ms | Allocations: 2851)
Completed 200 OK in 23ms (Views: 21.4ms | ActiveRecord: 0.6ms | Allocations: 3117)


Started GET "/" for 127.0.0.1 at 2021-12-23 00:30:43 +0630
Processing by PostsController#index as HTML
  Rendering layout layouts/application.html.erb
  Rendering posts/index.html.erb within layouts/application
  [1m[36mPost Load (0.4ms)[0m  [1m[34mSELECT `posts`.* FROM `posts`[0m
  ↳ app/views/posts/index.html.erb:13
  Rendered posts/index.html.erb within layouts/application (Duration: 45.2ms | Allocations: 1082)
  Rendered layout layouts/application.html.erb (Duration: 53.8ms | Allocations: 3333)
Completed 200 OK in 62ms (Views: 59.5ms | ActiveRecord: 0.4ms | Allocations: 4269)


Started GET "/posts/new" for 127.0.0.1 at 2021-12-23 00:30:45 +0630
Processing by PostsController#new as HTML
  Rendering layout layouts/application.html.erb
  Rendering posts/new.html.erb within layouts/application
  Rendered posts/_form.html.erb (Duration: 11.8ms | Allocations: 1659)
  Rendered posts/new.html.erb within layouts/application (Duration: 14.9ms | Allocations: 1965)
  Rendered layout layouts/application.html.erb (Duration: 24.6ms | Allocations: 4001)
Completed 200 OK in 29ms (Views: 26.2ms | ActiveRecord: 0.0ms | Allocations: 4323)


Started POST "/posts" for 127.0.0.1 at 2021-12-23 00:31:01 +0630
Processing by PostsController#create as TURBO_STREAM
  Parameters: {"authenticity_token"=>"[FILTERED]", "post"=>{"title"=>"How to be a god", "description"=>"kill the god", "public_flag"=>"true", "user_name"=>"sam winchester"}, "commit"=>"Create Post"}
  [1m[36mTRANSACTION (0.2ms)[0m  [1m[35mBEGIN[0m
  ↳ app/controllers/posts_controller.rb:27:in `block in create'
  [1m[36mPost Create (44.9ms)[0m  [1m[32mINSERT INTO `posts` (`title`, `description`, `public_flag`, `user_name`, `created_at`, `updated_at`) VALUES ('How to be a god', 'kill the god', TRUE, 'sam winchester', '2021-12-22 18:01:01.874462', '2021-12-22 18:01:01.874462')[0m
  ↳ app/controllers/posts_controller.rb:27:in `block in create'
  [1m[36mTRANSACTION (305.2ms)[0m  [1m[35mCOMMIT[0m
  ↳ app/controllers/posts_controller.rb:27:in `block in create'
Redirected to http://127.0.0.1:3000/posts/5
Completed 302 Found in 361ms (ActiveRecord: 350.3ms | Allocations: 2235)


Started GET "/posts/5" for 127.0.0.1 at 2021-12-23 00:31:02 +0630
Processing by PostsController#show as TURBO_STREAM
  Parameters: {"id"=>"5"}
  [1m[36mPost Load (0.6ms)[0m  [1m[34mSELECT `posts`.* FROM `posts` WHERE `posts`.`id` = 5 LIMIT 1[0m
  ↳ app/controllers/posts_controller.rb:63:in `set_post'
  Rendering layout layouts/application.html.erb
  Rendering posts/show.html.erb within layouts/application
  Rendered posts/_post.html.erb (Duration: 1.4ms | Allocations: 138)
  Rendered posts/show.html.erb within layouts/application (Duration: 6.5ms | Allocations: 1031)
  Rendered layout layouts/application.html.erb (Duration: 14.5ms | Allocations: 3059)
Completed 200 OK in 21ms (Views: 15.5ms | ActiveRecord: 0.6ms | Allocations: 3923)


Started GET "/posts" for 127.0.0.1 at 2021-12-23 00:31:07 +0630
Processing by PostsController#index as HTML
  Rendering layout layouts/application.html.erb
  Rendering posts/index.html.erb within layouts/application
  [1m[36mPost Load (0.6ms)[0m  [1m[34mSELECT `posts`.* FROM `posts`[0m
  ↳ app/views/posts/index.html.erb:13
  Rendered posts/index.html.erb within layouts/application (Duration: 4.1ms | Allocations: 932)
  Rendered layout layouts/application.html.erb (Duration: 11.1ms | Allocations: 2960)
Completed 200 OK in 13ms (Views: 11.5ms | ActiveRecord: 0.6ms | Allocations: 3227)


Started GET "/posts/5" for 127.0.0.1 at 2021-12-23 00:31:12 +0630
Processing by PostsController#show as HTML
  Parameters: {"id"=>"5"}
  [1m[36mPost Load (0.6ms)[0m  [1m[34mSELECT `posts`.* FROM `posts` WHERE `posts`.`id` = 5 LIMIT 1[0m
  ↳ app/controllers/posts_controller.rb:63:in `set_post'
  Rendering layout layouts/application.html.erb
  Rendering posts/show.html.erb within layouts/application
  Rendered posts/_post.html.erb (Duration: 0.2ms | Allocations: 19)
  Rendered posts/show.html.erb within layouts/application (Duration: 2.3ms | Allocations: 512)
  Rendered layout layouts/application.html.erb (Duration: 10.2ms | Allocations: 2531)
Completed 200 OK in 15ms (Views: 11.5ms | ActiveRecord: 0.6ms | Allocations: 3268)


Started GET "/posts" for 127.0.0.1 at 2021-12-23 00:31:14 +0630
Processing by PostsController#index as HTML
  Rendering layout layouts/application.html.erb
  Rendering posts/index.html.erb within layouts/application
  [1m[36mPost Load (2.3ms)[0m  [1m[34mSELECT `posts`.* FROM `posts`[0m
  ↳ app/views/posts/index.html.erb:13
  Rendered posts/index.html.erb within layouts/application (Duration: 6.3ms | Allocations: 922)
  Rendered layout layouts/application.html.erb (Duration: 12.9ms | Allocations: 2950)
Completed 200 OK in 15ms (Views: 12.1ms | ActiveRecord: 2.3ms | Allocations: 3216)


Started GET "/posts/new" for 127.0.0.1 at 2021-12-23 00:31:17 +0630
Processing by PostsController#new as HTML
  Rendering layout layouts/application.html.erb
  Rendering posts/new.html.erb within layouts/application
  Rendered posts/_form.html.erb (Duration: 7.0ms | Allocations: 1235)
  Rendered posts/new.html.erb within layouts/application (Duration: 8.1ms | Allocations: 1323)
  Rendered layout layouts/application.html.erb (Duration: 17.8ms | Allocations: 3350)
Completed 200 OK in 21ms (Views: 20.3ms | ActiveRecord: 0.0ms | Allocations: 3619)


Started POST "/posts" for 127.0.0.1 at 2021-12-23 00:31:45 +0630
Processing by PostsController#create as TURBO_STREAM
  Parameters: {"authenticity_token"=>"[FILTERED]", "post"=>{"title"=>"how to become spiderman", "description"=>"eat spiders", "public_flag"=>"true", "user_name"=>"toby"}, "commit"=>"Create Post"}
  [1m[36mTRANSACTION (0.2ms)[0m  [1m[35mBEGIN[0m
  ↳ app/controllers/posts_controller.rb:27:in `block in create'
  [1m[36mPost Create (79.4ms)[0m  [1m[32mINSERT INTO `posts` (`title`, `description`, `public_flag`, `user_name`, `created_at`, `updated_at`) VALUES ('how to become spiderman', 'eat spiders', TRUE, 'toby', '2021-12-22 18:01:45.621376', '2021-12-22 18:01:45.621376')[0m
  ↳ app/controllers/posts_controller.rb:27:in `block in create'
  [1m[36mTRANSACTION (340.0ms)[0m  [1m[35mCOMMIT[0m
  ↳ app/controllers/posts_controller.rb:27:in `block in create'
Redirected to http://127.0.0.1:3000/posts/6
Completed 302 Found in 427ms (ActiveRecord: 419.6ms | Allocations: 2242)


Started GET "/posts/6" for 127.0.0.1 at 2021-12-23 00:31:46 +0630
Processing by PostsController#show as TURBO_STREAM
  Parameters: {"id"=>"6"}
  [1m[36mPost Load (1.0ms)[0m  [1m[34mSELECT `posts`.* FROM `posts` WHERE `posts`.`id` = 6 LIMIT 1[0m
  ↳ app/controllers/posts_controller.rb:63:in `set_post'
  Rendering layout layouts/application.html.erb
  Rendering posts/show.html.erb within layouts/application
  Rendered posts/_post.html.erb (Duration: 0.2ms | Allocations: 19)
  Rendered posts/show.html.erb within layouts/application (Duration: 2.2ms | Allocations: 515)
  Rendered layout layouts/application.html.erb (Duration: 10.2ms | Allocations: 2534)
Completed 200 OK in 15ms (Views: 11.2ms | ActiveRecord: 1.0ms | Allocations: 3274)


Started GET "/posts" for 127.0.0.1 at 2021-12-23 00:31:51 +0630
Processing by PostsController#index as HTML
  Rendering layout layouts/application.html.erb
  Rendering posts/index.html.erb within layouts/application
  [1m[36mPost Load (0.6ms)[0m  [1m[34mSELECT `posts`.* FROM `posts`[0m
  ↳ app/views/posts/index.html.erb:13
  Rendered posts/index.html.erb within layouts/application (Duration: 4.3ms | Allocations: 1013)
  Rendered layout layouts/application.html.erb (Duration: 10.4ms | Allocations: 3041)
Completed 200 OK in 12ms (Views: 10.8ms | ActiveRecord: 0.6ms | Allocations: 3307)


Started GET "/posts/new" for 127.0.0.1 at 2021-12-23 00:43:23 +0630
Processing by PostsController#new as HTML
  Rendering layout layouts/application.html.erb
  Rendering posts/new.html.erb within layouts/application
  Rendered posts/_form.html.erb (Duration: 5.0ms | Allocations: 1223)
  Rendered posts/new.html.erb within layouts/application (Duration: 6.1ms | Allocations: 1311)
  Rendered layout layouts/application.html.erb (Duration: 12.9ms | Allocations: 3338)
Completed 200 OK in 15ms (Views: 14.1ms | Allocations: 3607)


Started POST "/posts" for 127.0.0.1 at 2021-12-23 00:44:23 +0630
Processing by PostsController#create as TURBO_STREAM
  Parameters: {"authenticity_token"=>"[FILTERED]", "post"=>{"title"=>"Is superman a gay?", "description"=>"the answer is yes.He loves batman.", "public_flag"=>"true", "user_name"=>"WanderWomen"}, "commit"=>"Create Post"}
  [1m[36mTRANSACTION (0.2ms)[0m  [1m[35mBEGIN[0m
  ↳ app/controllers/posts_controller.rb:27:in `block in create'
  [1m[36mPost Create (28.0ms)[0m  [1m[32mINSERT INTO `posts` (`title`, `description`, `public_flag`, `user_name`, `created_at`, `updated_at`) VALUES ('Is superman a gay?', 'the answer is yes.He loves batman.', TRUE, 'WanderWomen', '2021-12-22 18:14:23.630956', '2021-12-22 18:14:23.630956')[0m
  ↳ app/controllers/posts_controller.rb:27:in `block in create'
  [1m[36mTRANSACTION (147.2ms)[0m  [1m[35mCOMMIT[0m
  ↳ app/controllers/posts_controller.rb:27:in `block in create'
Redirected to http://127.0.0.1:3000/posts/7
Completed 302 Found in 443ms (ActiveRecord: 264.7ms | Allocations: 2366)


Started GET "/posts/7" for 127.0.0.1 at 2021-12-23 00:44:23 +0630
Processing by PostsController#show as TURBO_STREAM
  Parameters: {"id"=>"7"}
  [1m[36mPost Load (0.5ms)[0m  [1m[34mSELECT `posts`.* FROM `posts` WHERE `posts`.`id` = 7 LIMIT 1[0m
  ↳ app/controllers/posts_controller.rb:63:in `set_post'
  Rendering layout layouts/application.html.erb
  Rendering posts/show.html.erb within layouts/application
  Rendered posts/_post.html.erb (Duration: 0.2ms | Allocations: 19)
  Rendered posts/show.html.erb within layouts/application (Duration: 2.6ms | Allocations: 526)
  Rendered layout layouts/application.html.erb (Duration: 9.1ms | Allocations: 2545)
Completed 200 OK in 14ms (Views: 10.7ms | ActiveRecord: 0.5ms | Allocations: 3285)


Started GET "/posts" for 127.0.0.1 at 2021-12-23 00:44:26 +0630
Processing by PostsController#index as HTML
  Rendering layout layouts/application.html.erb
  Rendering posts/index.html.erb within layouts/application
  [1m[36mPost Load (98.6ms)[0m  [1m[34mSELECT `posts`.* FROM `posts`[0m
  ↳ app/views/posts/index.html.erb:13
  Rendered posts/index.html.erb within layouts/application (Duration: 102.2ms | Allocations: 1118)
  Rendered layout layouts/application.html.erb (Duration: 108.3ms | Allocations: 3152)
Completed 200 OK in 110ms (Views: 10.7ms | ActiveRecord: 98.6ms | Allocations: 3419)


Started GET "/posts/new" for 127.0.0.1 at 2021-12-23 00:44:29 +0630
Processing by PostsController#new as HTML
  Rendering layout layouts/application.html.erb
  Rendering posts/new.html.erb within layouts/application
  Rendered posts/_form.html.erb (Duration: 9.4ms | Allocations: 1233)
  Rendered posts/new.html.erb within layouts/application (Duration: 10.1ms | Allocations: 1321)
  Rendered layout layouts/application.html.erb (Duration: 17.7ms | Allocations: 3348)
Completed 200 OK in 20ms (Views: 19.0ms | ActiveRecord: 0.0ms | Allocations: 3617)


Started POST "/posts" for 127.0.0.1 at 2021-12-23 00:45:04 +0630
Processing by PostsController#create as TURBO_STREAM
  Parameters: {"authenticity_token"=>"[FILTERED]", "post"=>{"title"=>"How to go isekai", "description"=>"go ask to lord Kazuma", "public_flag"=>"true", "user_name"=>"Aqua sama"}, "commit"=>"Create Post"}
  [1m[36mTRANSACTION (0.2ms)[0m  [1m[35mBEGIN[0m
  ↳ app/controllers/posts_controller.rb:27:in `block in create'
  [1m[36mPost Create (53.6ms)[0m  [1m[32mINSERT INTO `posts` (`title`, `description`, `public_flag`, `user_name`, `created_at`, `updated_at`) VALUES ('How to go isekai', 'go ask to lord Kazuma', TRUE, 'Aqua sama', '2021-12-22 18:15:04.861344', '2021-12-22 18:15:04.861344')[0m
  ↳ app/controllers/posts_controller.rb:27:in `block in create'
  [1m[36mTRANSACTION (467.4ms)[0m  [1m[35mCOMMIT[0m
  ↳ app/controllers/posts_controller.rb:27:in `block in create'
Redirected to http://127.0.0.1:3000/posts/8
Completed 302 Found in 530ms (ActiveRecord: 521.3ms | Allocations: 2236)


Started GET "/posts/8" for 127.0.0.1 at 2021-12-23 00:45:05 +0630
Processing by PostsController#show as TURBO_STREAM
  Parameters: {"id"=>"8"}
  [1m[36mPost Load (0.6ms)[0m  [1m[34mSELECT `posts`.* FROM `posts` WHERE `posts`.`id` = 8 LIMIT 1[0m
  ↳ app/controllers/posts_controller.rb:63:in `set_post'
  Rendering layout layouts/application.html.erb
  Rendering posts/show.html.erb within layouts/application
  Rendered posts/_post.html.erb (Duration: 0.2ms | Allocations: 19)
  Rendered posts/show.html.erb within layouts/application (Duration: 2.3ms | Allocations: 525)
  Rendered layout layouts/application.html.erb (Duration: 8.3ms | Allocations: 2544)
Completed 200 OK in 13ms (Views: 9.1ms | ActiveRecord: 0.6ms | Allocations: 3284)


Started GET "/posts" for 127.0.0.1 at 2021-12-23 00:45:06 +0630
Processing by PostsController#index as HTML
  Rendering layout layouts/application.html.erb
  Rendering posts/index.html.erb within layouts/application
  [1m[36mPost Load (0.5ms)[0m  [1m[34mSELECT `posts`.* FROM `posts`[0m
  ↳ app/views/posts/index.html.erb:13
  Rendered posts/index.html.erb within layouts/application (Duration: 6.3ms | Allocations: 1216)
  Rendered layout layouts/application.html.erb (Duration: 12.8ms | Allocations: 3244)
Completed 200 OK in 15ms (Views: 13.6ms | ActiveRecord: 0.5ms | Allocations: 3510)


Started GET "/posts" for 127.0.0.1 at 2021-12-23 00:47:56 +0630
Processing by PostsController#index as HTML
  Rendering layout layouts/application.html.erb
  Rendering posts/index.html.erb within layouts/application
  [1m[36mPost Load (0.6ms)[0m  [1m[34mSELECT `posts`.* FROM `posts`[0m
  ↳ app/views/posts/index.html.erb:13
  Rendered posts/index.html.erb within layouts/application (Duration: 5.4ms | Allocations: 1220)
  Rendered layout layouts/application.html.erb (Duration: 248.3ms | Allocations: 7583)
Completed 200 OK in 251ms (Views: 249.4ms | ActiveRecord: 0.6ms | Allocations: 7847)


Started GET "/posts" for 127.0.0.1 at 2021-12-23 00:48:04 +0630
Processing by PostsController#index as HTML
  Rendering layout layouts/application.html.erb
  Rendering posts/index.html.erb within layouts/application
  [1m[36mPost Load (0.6ms)[0m  [1m[34mSELECT `posts`.* FROM `posts`[0m
  ↳ app/views/posts/index.html.erb:13
  Rendered posts/index.html.erb within layouts/application (Duration: 7.2ms | Allocations: 1222)
  Rendered layout layouts/application.html.erb (Duration: 33.6ms | Allocations: 6725)
Completed 200 OK in 37ms (Views: 35.1ms | ActiveRecord: 0.6ms | Allocations: 6988)


Started GET "/posts" for 127.0.0.1 at 2021-12-23 00:48:33 +0630
Processing by PostsController#index as HTML
  Rendering layout layouts/application.html.erb
  Rendering posts/index.html.erb within layouts/application
  [1m[36mPost Load (0.9ms)[0m  [1m[34mSELECT `posts`.* FROM `posts`[0m
  ↳ app/views/posts/index.html.erb:13
  Rendered posts/index.html.erb within layouts/application (Duration: 6.1ms | Allocations: 1214)
  Rendered layout layouts/application.html.erb (Duration: 25.8ms | Allocations: 6809)
Completed 200 OK in 29ms (Views: 26.7ms | ActiveRecord: 0.9ms | Allocations: 7072)


Started GET "/posts" for 127.0.0.1 at 2021-12-23 00:48:35 +0630
Processing by PostsController#index as HTML
  Rendering layout layouts/application.html.erb
  Rendering posts/index.html.erb within layouts/application
  [1m[36mPost Load (0.8ms)[0m  [1m[34mSELECT `posts`.* FROM `posts`[0m
  ↳ app/views/posts/index.html.erb:13
  Rendered posts/index.html.erb within layouts/application (Duration: 5.9ms | Allocations: 1210)
  Rendered layout layouts/application.html.erb (Duration: 11.3ms | Allocations: 3316)
Completed 200 OK in 14ms (Views: 12.7ms | ActiveRecord: 0.8ms | Allocations: 3581)


Started GET "/posts" for 127.0.0.1 at 2021-12-23 00:48:46 +0630
Processing by PostsController#index as HTML
  Rendering layout layouts/application.html.erb
  Rendering posts/index.html.erb within layouts/application
  [1m[36mPost Load (0.5ms)[0m  [1m[34mSELECT `posts`.* FROM `posts`[0m
  ↳ app/views/posts/index.html.erb:13
  Rendered posts/index.html.erb within layouts/application (Duration: 7.5ms | Allocations: 1210)
  Rendered layout layouts/application.html.erb (Duration: 45.1ms | Allocations: 7301)
Completed 200 OK in 49ms (Views: 48.2ms | ActiveRecord: 0.5ms | Allocations: 7564)


Started GET "/posts" for 127.0.0.1 at 2021-12-23 00:49:09 +0630
Processing by PostsController#index as HTML
  Rendering layout layouts/application.html.erb
  Rendering posts/index.html.erb within layouts/application
  [1m[36mPost Load (0.4ms)[0m  [1m[34mSELECT `posts`.* FROM `posts`[0m
  ↳ app/views/posts/index.html.erb:13
  Rendered posts/index.html.erb within layouts/application (Duration: 7.8ms | Allocations: 1212)
  Rendered layout layouts/application.html.erb (Duration: 56.7ms | Allocations: 6821)
Completed 200 OK in 60ms (Views: 58.4ms | ActiveRecord: 0.4ms | Allocations: 7084)


Started GET "/posts" for 127.0.0.1 at 2021-12-23 00:49:30 +0630
Processing by PostsController#index as HTML
  Rendering layout layouts/application.html.erb
  Rendering posts/index.html.erb within layouts/application
  [1m[36mPost Load (0.6ms)[0m  [1m[34mSELECT `posts`.* FROM `posts`[0m
  ↳ app/views/posts/index.html.erb:13
  Rendered posts/index.html.erb within layouts/application (Duration: 4.9ms | Allocations: 1218)
  Rendered layout layouts/application.html.erb (Duration: 48.0ms | Allocations: 7296)
Completed 200 OK in 50ms (Views: 48.6ms | ActiveRecord: 0.6ms | Allocations: 7559)


Started GET "/posts/5" for 127.0.0.1 at 2021-12-23 00:49:35 +0630
Processing by PostsController#show as HTML
  Parameters: {"id"=>"5"}
  [1m[36mPost Load (0.7ms)[0m  [1m[34mSELECT `posts`.* FROM `posts` WHERE `posts`.`id` = 5 LIMIT 1[0m
  ↳ app/controllers/posts_controller.rb:63:in `set_post'
  Rendering layout layouts/application.html.erb
  Rendering posts/show.html.erb within layouts/application
  Rendered posts/_post.html.erb (Duration: 0.2ms | Allocations: 19)
  Rendered posts/show.html.erb within layouts/application (Duration: 3.5ms | Allocations: 514)
  Rendered layout layouts/application.html.erb (Duration: 9.0ms | Allocations: 2594)
Completed 200 OK in 18ms (Views: 10.0ms | ActiveRecord: 0.7ms | Allocations: 3331)


Started GET "/posts" for 127.0.0.1 at 2021-12-23 00:49:37 +0630
Processing by PostsController#index as HTML
  Rendering layout layouts/application.html.erb
  Rendering posts/index.html.erb within layouts/application
  [1m[36mPost Load (0.7ms)[0m  [1m[34mSELECT `posts`.* FROM `posts`[0m
  ↳ app/views/posts/index.html.erb:13
  Rendered posts/index.html.erb within layouts/application (Duration: 5.8ms | Allocations: 1222)
  Rendered layout layouts/application.html.erb (Duration: 14.4ms | Allocations: 3311)
Completed 200 OK in 17ms (Views: 15.4ms | ActiveRecord: 0.7ms | Allocations: 3577)


Started GET "/posts" for 127.0.0.1 at 2021-12-23 00:49:45 +0630
Processing by PostsController#index as HTML
  Rendering layout layouts/application.html.erb
  Rendering posts/index.html.erb within layouts/application
  [1m[36mPost Load (0.6ms)[0m  [1m[34mSELECT `posts`.* FROM `posts`[0m
  ↳ app/views/posts/index.html.erb:13
  Rendered posts/index.html.erb within layouts/application (Duration: 5.8ms | Allocations: 1222)
  Rendered layout layouts/application.html.erb (Duration: 31.2ms | Allocations: 7303)
Completed 200 OK in 35ms (Views: 32.9ms | ActiveRecord: 0.6ms | Allocations: 7566)


Started GET "/posts" for 127.0.0.1 at 2021-12-23 00:50:35 +0630
Processing by PostsController#index as HTML
  Rendering layout layouts/application.html.erb
  Rendering posts/index.html.erb within layouts/application
  [1m[36mPost Load (0.8ms)[0m  [1m[34mSELECT `posts`.* FROM `posts`[0m
  ↳ app/views/posts/index.html.erb:13
  Rendered posts/index.html.erb within layouts/application (Duration: 12.3ms | Allocations: 1496)
  Rendered layout layouts/application.html.erb (Duration: 23.3ms | Allocations: 3805)
Completed 200 OK in 30ms (Views: 27.5ms | ActiveRecord: 0.8ms | Allocations: 4740)


Started GET "/posts" for 127.0.0.1 at 2021-12-23 00:51:04 +0630
Processing by PostsController#index as HTML
  Rendering layout layouts/application.html.erb
  Rendering posts/index.html.erb within layouts/application
  [1m[36mPost Load (0.5ms)[0m  [1m[34mSELECT `posts`.* FROM `posts`[0m
  ↳ app/views/posts/index.html.erb:13
  Rendered posts/index.html.erb within layouts/application (Duration: 5.5ms | Allocations: 1233)
  Rendered layout layouts/application.html.erb (Duration: 30.6ms | Allocations: 6849)
Completed 200 OK in 33ms (Views: 31.7ms | ActiveRecord: 0.5ms | Allocations: 7113)


Started GET "/posts" for 127.0.0.1 at 2021-12-23 00:51:05 +0630
Processing by PostsController#index as HTML
  Rendering layout layouts/application.html.erb
  Rendering posts/index.html.erb within layouts/application
  [1m[36mPost Load (0.6ms)[0m  [1m[34mSELECT `posts`.* FROM `posts`[0m
  ↳ app/views/posts/index.html.erb:13
  Rendered posts/index.html.erb within layouts/application (Duration: 5.2ms | Allocations: 1226)
  Rendered layout layouts/application.html.erb (Duration: 11.7ms | Allocations: 3321)
Completed 200 OK in 14ms (Views: 12.5ms | ActiveRecord: 0.6ms | Allocations: 3585)


Started GET "/posts" for 127.0.0.1 at 2021-12-23 00:51:55 +0630
Processing by PostsController#index as HTML
  Rendering layout layouts/application.html.erb
  Rendering posts/index.html.erb within layouts/application
  [1m[36mPost Load (1.1ms)[0m  [1m[34mSELECT `posts`.* FROM `posts`[0m
  ↳ app/views/posts/index.html.erb:13
  Rendered posts/index.html.erb within layouts/application (Duration: 7.7ms | Allocations: 1483)
  Rendered layout layouts/application.html.erb (Duration: 31.1ms | Allocations: 7316)
Completed 200 OK in 37ms (Views: 34.2ms | ActiveRecord: 1.1ms | Allocations: 8251)


Started GET "/posts" for 127.0.0.1 at 2021-12-23 00:53:08 +0630
Processing by PostsController#index as HTML
  Rendering layout layouts/application.html.erb
  Rendering posts/index.html.erb within layouts/application
  [1m[36mPost Load (0.4ms)[0m  [1m[34mSELECT `posts`.* FROM `posts`[0m
  ↳ app/views/posts/index.html.erb:13
  Rendered posts/index.html.erb within layouts/application (Duration: 4.8ms | Allocations: 1229)
  Rendered layout layouts/application.html.erb (Duration: 35.6ms | Allocations: 6844)
Completed 200 OK in 39ms (Views: 37.4ms | ActiveRecord: 0.4ms | Allocations: 7108)


Started GET "/posts" for 127.0.0.1 at 2021-12-23 00:53:21 +0630
Processing by PostsController#index as HTML
  Rendering layout layouts/application.html.erb
  Rendering posts/index.html.erb within layouts/application
  [1m[36mPost Load (1.6ms)[0m  [1m[34mSELECT `posts`.* FROM `posts`[0m
  ↳ app/views/posts/index.html.erb:13
  Rendered posts/index.html.erb within layouts/application (Duration: 7.1ms | Allocations: 1216)
  Rendered layout layouts/application.html.erb (Duration: 32.0ms | Allocations: 6832)
Completed 200 OK in 37ms (Views: 34.1ms | ActiveRecord: 1.6ms | Allocations: 7096)


Started GET "/posts" for 127.0.0.1 at 2021-12-23 00:53:35 +0630
Processing by PostsController#index as HTML
  Rendering layout layouts/application.html.erb
  Rendering posts/index.html.erb within layouts/application
  [1m[36mPost Load (1.7ms)[0m  [1m[34mSELECT `posts`.* FROM `posts`[0m
  ↳ app/views/posts/index.html.erb:13
  Rendered posts/index.html.erb within layouts/application (Duration: 7.0ms | Allocations: 1218)
  Rendered layout layouts/application.html.erb (Duration: 28.7ms | Allocations: 7271)
Completed 200 OK in 31ms (Views: 28.1ms | ActiveRecord: 1.7ms | Allocations: 7534)


Started GET "/posts" for 127.0.0.1 at 2021-12-23 00:53:59 +0630
Processing by PostsController#index as HTML
  Rendering layout layouts/application.html.erb
  Rendering posts/index.html.erb within layouts/application
  [1m[36mPost Load (0.5ms)[0m  [1m[34mSELECT `posts`.* FROM `posts`[0m
  ↳ app/views/posts/index.html.erb:13
  Rendered posts/index.html.erb within layouts/application (Duration: 4.6ms | Allocations: 1206)
  Rendered layout layouts/application.html.erb (Duration: 25.9ms | Allocations: 6840)
Completed 200 OK in 29ms (Views: 26.8ms | ActiveRecord: 0.5ms | Allocations: 7104)


Started GET "/posts" for 127.0.0.1 at 2021-12-23 00:54:19 +0630
Processing by PostsController#index as HTML
  Rendering layout layouts/application.html.erb
  Rendering posts/index.html.erb within layouts/application
  [1m[36mPost Load (0.6ms)[0m  [1m[34mSELECT `posts`.* FROM `posts`[0m
  ↳ app/views/posts/index.html.erb:13
  Rendered posts/index.html.erb within layouts/application (Duration: 4.7ms | Allocations: 1228)
  Rendered layout layouts/application.html.erb (Duration: 24.1ms | Allocations: 6846)
Completed 200 OK in 27ms (Views: 25.5ms | ActiveRecord: 0.6ms | Allocations: 7109)


Started GET "/posts/new" for 127.0.0.1 at 2021-12-23 00:54:48 +0630
Processing by PostsController#new as HTML
  Rendering layout layouts/application.html.erb
  Rendering posts/new.html.erb within layouts/application
  Rendered posts/_form.html.erb (Duration: 6.4ms | Allocations: 1645)
  Rendered posts/new.html.erb within layouts/application (Duration: 10.3ms | Allocations: 1954)
  Rendered layout layouts/application.html.erb (Duration: 23.5ms | Allocations: 4051)
Completed 200 OK in 26ms (Views: 25.3ms | ActiveRecord: 0.0ms | Allocations: 4369)


Started GET "/posts" for 127.0.0.1 at 2021-12-23 00:56:33 +0630
Processing by PostsController#index as HTML
  Rendering layout layouts/application.html.erb
  Rendering posts/index.html.erb within layouts/application
  [1m[36mPost Load (1.3ms)[0m  [1m[34mSELECT `posts`.* FROM `posts`[0m
  ↳ app/views/posts/index.html.erb:13
  Rendered posts/index.html.erb within layouts/application (Duration: 6.5ms | Allocations: 1229)
  Rendered layout layouts/application.html.erb (Duration: 38.7ms | Allocations: 7321)
Completed 200 OK in 43ms (Views: 38.6ms | ActiveRecord: 1.3ms | Allocations: 7585)


Started GET "/posts" for 127.0.0.1 at 2021-12-23 00:56:36 +0630
Processing by PostsController#index as HTML
  Rendering layout layouts/application.html.erb
  Rendering posts/index.html.erb within layouts/application
  [1m[36mPost Load (0.5ms)[0m  [1m[34mSELECT `posts`.* FROM `posts`[0m
  ↳ app/views/posts/index.html.erb:13
  Rendered posts/index.html.erb within layouts/application (Duration: 5.8ms | Allocations: 1218)
  Rendered layout layouts/application.html.erb (Duration: 12.9ms | Allocations: 3307)
Completed 200 OK in 16ms (Views: 13.3ms | ActiveRecord: 0.5ms | Allocations: 3570)


Started GET "/posts" for 127.0.0.1 at 2021-12-23 00:58:46 +0630
Processing by PostsController#index as HTML
  Rendering layout layouts/application.html.erb
  Rendering posts/index.html.erb within layouts/application
  [1m[36mPost Load (0.6ms)[0m  [1m[34mSELECT `posts`.* FROM `posts`[0m
  ↳ app/views/posts/index.html.erb:13
  Rendered posts/index.html.erb within layouts/application (Duration: 31.4ms | Allocations: 1496)
  Rendered layout layouts/application.html.erb (Duration: 70.6ms | Allocations: 8295)
Completed 200 OK in 100ms (Views: 98.4ms | ActiveRecord: 0.6ms | Allocations: 9230)


Started GET "/posts" for 127.0.0.1 at 2021-12-23 00:59:07 +0630
Processing by PostsController#index as HTML
  Rendering layout layouts/application.html.erb
  Rendering posts/index.html.erb within layouts/application
  [1m[36mPost Load (1.5ms)[0m  [1m[34mSELECT `posts`.* FROM `posts`[0m
  ↳ app/views/posts/index.html.erb:13
  Rendered posts/index.html.erb within layouts/application (Duration: 8.0ms | Allocations: 1237)
  Rendered layout layouts/application.html.erb (Duration: 34.5ms | Allocations: 6859)
Completed 200 OK in 43ms (Views: 40.1ms | ActiveRecord: 1.5ms | Allocations: 7123)


Started GET "/posts" for 127.0.0.1 at 2021-12-23 00:59:16 +0630
Processing by PostsController#index as HTML
  Rendering layout layouts/application.html.erb
  Rendering posts/index.html.erb within layouts/application
  [1m[36mPost Load (0.6ms)[0m  [1m[34mSELECT `posts`.* FROM `posts`[0m
  ↳ app/views/posts/index.html.erb:13
  Rendered posts/index.html.erb within layouts/application (Duration: 6.4ms | Allocations: 1224)
  Rendered layout layouts/application.html.erb (Duration: 34.2ms | Allocations: 7286)
Completed 200 OK in 37ms (Views: 36.0ms | ActiveRecord: 0.6ms | Allocations: 7550)


Started GET "/posts/new" for 127.0.0.1 at 2021-12-23 00:59:20 +0630
Processing by PostsController#new as HTML
  Rendering layout layouts/application.html.erb
  Rendering posts/new.html.erb within layouts/application
  Rendered posts/_form.html.erb (Duration: 8.4ms | Allocations: 1661)
  Rendered posts/new.html.erb within layouts/application (Duration: 13.3ms | Allocations: 1967)
  Rendered layout layouts/application.html.erb (Duration: 22.4ms | Allocations: 4064)
Completed 200 OK in 28ms (Views: 26.8ms | ActiveRecord: 0.0ms | Allocations: 4385)


Started POST "/posts" for 127.0.0.1 at 2021-12-23 00:59:54 +0630
Processing by PostsController#create as TURBO_STREAM
  Parameters: {"authenticity_token"=>"[FILTERED]", "post"=>{"title"=>"mee pyat twr loc ", "description"=>"hrr hote lr epc ko twr sell", "public_flag"=>"true", "user_name"=>"zzz"}, "commit"=>"Create Post"}
  [1m[36mTRANSACTION (0.2ms)[0m  [1m[35mBEGIN[0m
  ↳ app/controllers/posts_controller.rb:27:in `block in create'
  [1m[36mPost Create (42.4ms)[0m  [1m[32mINSERT INTO `posts` (`title`, `description`, `public_flag`, `user_name`, `created_at`, `updated_at`) VALUES ('mee pyat twr loc ', 'hrr hote lr epc ko twr sell', TRUE, 'zzz', '2021-12-22 18:29:54.560075', '2021-12-22 18:29:54.560075')[0m
  ↳ app/controllers/posts_controller.rb:27:in `block in create'
  [1m[36mTRANSACTION (681.7ms)[0m  [1m[35mCOMMIT[0m
  ↳ app/controllers/posts_controller.rb:27:in `block in create'
Redirected to http://127.0.0.1:3000/posts/9
Completed 302 Found in 732ms (ActiveRecord: 724.3ms | Allocations: 2235)


Started GET "/posts/9" for 127.0.0.1 at 2021-12-23 00:59:55 +0630
Processing by PostsController#show as TURBO_STREAM
  Parameters: {"id"=>"9"}
  [1m[36mPost Load (0.8ms)[0m  [1m[34mSELECT `posts`.* FROM `posts` WHERE `posts`.`id` = 9 LIMIT 1[0m
  ↳ app/controllers/posts_controller.rb:63:in `set_post'
  Rendering layout layouts/application.html.erb
  Rendering posts/show.html.erb within layouts/application
  Rendered posts/_post.html.erb (Duration: 0.7ms | Allocations: 138)
  Rendered posts/show.html.erb within layouts/application (Duration: 21.9ms | Allocations: 1045)
  Rendered layout layouts/application.html.erb (Duration: 26.4ms | Allocations: 3149)
Completed 200 OK in 39ms (Views: 28.2ms | ActiveRecord: 0.8ms | Allocations: 4015)


Started GET "/posts" for 127.0.0.1 at 2021-12-23 01:00:01 +0630
Processing by PostsController#index as HTML
  Rendering layout layouts/application.html.erb
  Rendering posts/index.html.erb within layouts/application
  [1m[36mPost Load (0.6ms)[0m  [1m[34mSELECT `posts`.* FROM `posts`[0m
  ↳ app/views/posts/index.html.erb:13
  Rendered posts/index.html.erb within layouts/application (Duration: 7.8ms | Allocations: 1317)
  Rendered layout layouts/application.html.erb (Duration: 16.8ms | Allocations: 3415)
Completed 200 OK in 19ms (Views: 17.7ms | ActiveRecord: 0.6ms | Allocations: 3683)


Started GET "/" for 127.0.0.1 at 2021-12-28 08:49:39 +0630
Started GET "/" for 127.0.0.1 at 2021-12-28 08:49:41 +0630
  [1m[36mActiveRecord::SchemaMigration Pluck (227.2ms)[0m  [1m[34mSELECT `schema_migrations`.`version` FROM `schema_migrations` ORDER BY `schema_migrations`.`version` ASC[0m
Processing by PostsController#index as HTML
Processing by PostsController#index as HTML
  Rendering layout layouts/application.html.erb
  Rendering layout layouts/application.html.erb
  Rendering posts/index.html.erb within layouts/application
  Rendering posts/index.html.erb within layouts/application
  [1m[36mPost Load (51.9ms)[0m  [1m[34mSELECT `posts`.* FROM `posts`[0m
  [1m[36mPost Load (22.8ms)[0m  [1m[34mSELECT `posts`.* FROM `posts`[0m
  ↳ app/views/posts/index.html.erb:13
  ↳ app/views/posts/index.html.erb:13
  Rendered posts/index.html.erb within layouts/application (Duration: 262.3ms | Allocations: 7977)
  Rendered posts/index.html.erb within layouts/application (Duration: 265.3ms | Allocations: 8594)
  Rendered layout layouts/application.html.erb (Duration: 1461.3ms | Allocations: 84453)
  Rendered layout layouts/application.html.erb (Duration: 1462.5ms | Allocations: 84670)
Completed 200 OK in 1704ms (Views: 1470.6ms | ActiveRecord: 122.6ms | Allocations: 90514)


Completed 200 OK in 1703ms (Views: 1544.3ms | ActiveRecord: 49.0ms | Allocations: 90288)


Started GET "/posts/new" for 127.0.0.1 at 2021-12-28 08:50:00 +0630
Processing by PostsController#new as HTML
  Rendering layout layouts/application.html.erb
  Rendering posts/new.html.erb within layouts/application
  Rendered posts/_form.html.erb (Duration: 145.3ms | Allocations: 3863)
  Rendered posts/new.html.erb within layouts/application (Duration: 166.8ms | Allocations: 4174)
  Rendered layout layouts/application.html.erb (Duration: 172.3ms | Allocations: 6277)
Completed 200 OK in 175ms (Views: 173.5ms | ActiveRecord: 0.0ms | Allocations: 6617)


Started POST "/posts" for 127.0.0.1 at 2021-12-28 08:50:17 +0630
Processing by PostsController#create as TURBO_STREAM
  Parameters: {"authenticity_token"=>"[FILTERED]", "post"=>{"title"=>"hello", "description"=>"ggwp", "public_flag"=>"true", "user_name"=>"Castiel"}, "commit"=>"Create Post"}
  [1m[36mTRANSACTION (21.4ms)[0m  [1m[35mBEGIN[0m
  ↳ app/controllers/posts_controller.rb:27:in `block in create'
  [1m[36mPost Create (61.5ms)[0m  [1m[32mINSERT INTO `posts` (`title`, `description`, `public_flag`, `user_name`, `created_at`, `updated_at`) VALUES ('hello', 'ggwp', TRUE, 'Castiel', '2021-12-28 02:20:17.498945', '2021-12-28 02:20:17.498945')[0m
  ↳ app/controllers/posts_controller.rb:27:in `block in create'
  [1m[36mTRANSACTION (127.1ms)[0m  [1m[35mCOMMIT[0m
  ↳ app/controllers/posts_controller.rb:27:in `block in create'
Redirected to http://127.0.0.1:3000/posts/10
Completed 302 Found in 219ms (ActiveRecord: 210.1ms | Allocations: 2868)


Started GET "/posts/10" for 127.0.0.1 at 2021-12-28 08:50:17 +0630
Processing by PostsController#show as TURBO_STREAM
  Parameters: {"id"=>"10"}
  [1m[36mPost Load (56.2ms)[0m  [1m[34mSELECT `posts`.* FROM `posts` WHERE `posts`.`id` = 10 LIMIT 1[0m
  ↳ app/controllers/posts_controller.rb:63:in `set_post'
  Rendering layout layouts/application.html.erb
  Rendering posts/show.html.erb within layouts/application
  Rendered posts/_post.html.erb (Duration: 27.8ms | Allocations: 145)
  Rendered posts/show.html.erb within layouts/application (Duration: 109.0ms | Allocations: 1158)
  Rendered layout layouts/application.html.erb (Duration: 113.3ms | Allocations: 3249)
Completed 200 OK in 297ms (Views: 114.1ms | ActiveRecord: 56.2ms | Allocations: 5779)


Started GET "/posts" for 127.0.0.1 at 2021-12-28 08:50:20 +0630
Processing by PostsController#index as HTML
  Rendering layout layouts/application.html.erb
  Rendering posts/index.html.erb within layouts/application
  [1m[36mPost Load (0.8ms)[0m  [1m[34mSELECT `posts`.* FROM `posts`[0m
  ↳ app/views/posts/index.html.erb:13
  Rendered posts/index.html.erb within layouts/application (Duration: 7.2ms | Allocations: 1362)
  Rendered layout layouts/application.html.erb (Duration: 12.7ms | Allocations: 3453)
Completed 200 OK in 14ms (Views: 12.8ms | ActiveRecord: 0.8ms | Allocations: 3729)


Started GET "/" for 127.0.0.1 at 2022-01-03 15:04:41 +0630
  [1m[36mActiveRecord::SchemaMigration Pluck (121.1ms)[0m  [1m[34mSELECT `schema_migrations`.`version` FROM `schema_migrations` ORDER BY `schema_migrations`.`version` ASC[0m
Processing by PostsController#index as HTML
  Rendering layout layouts/application.html.erb
  Rendering posts/index.html.erb within layouts/application
  [1m[36mPost Load (46.5ms)[0m  [1m[34mSELECT `posts`.* FROM `posts`[0m
  ↳ app/views/posts/index.html.erb:13
  Rendered posts/index.html.erb within layouts/application (Duration: 279.3ms | Allocations: 7248)
  Rendered layout layouts/application.html.erb (Duration: 735.7ms | Allocations: 40907)
Completed 200 OK in 797ms (Views: 601.0ms | ActiveRecord: 138.8ms | Allocations: 46086)


Started GET "/posts/new" for 127.0.0.1 at 2022-01-03 15:04:46 +0630
Processing by PostsController#new as HTML
  Rendering layout layouts/application.html.erb
  Rendering posts/new.html.erb within layouts/application
  Rendered posts/_form.html.erb (Duration: 145.2ms | Allocations: 3929)
  Rendered posts/new.html.erb within layouts/application (Duration: 162.9ms | Allocations: 4236)
  Rendered layout layouts/application.html.erb (Duration: 167.5ms | Allocations: 6335)
Completed 200 OK in 170ms (Views: 168.5ms | ActiveRecord: 0.0ms | Allocations: 6675)


Started POST "/posts" for 127.0.0.1 at 2022-01-03 15:05:01 +0630
Processing by PostsController#create as TURBO_STREAM
  Parameters: {"authenticity_token"=>"[FILTERED]", "post"=>{"title"=>"Hello ", "description"=>"ni ha0", "public_flag"=>"true", "user_name"=>"Lucifer"}, "commit"=>"Create Post"}
  [1m[36mTRANSACTION (26.8ms)[0m  [1m[35mBEGIN[0m
  ↳ app/controllers/posts_controller.rb:27:in `block in create'
  [1m[36mPost Create (125.3ms)[0m  [1m[32mINSERT INTO `posts` (`title`, `description`, `public_flag`, `user_name`, `created_at`, `updated_at`) VALUES ('Hello ', 'ni ha0', TRUE, 'Lucifer', '2022-01-03 08:35:01.079488', '2022-01-03 08:35:01.079488')[0m
  ↳ app/controllers/posts_controller.rb:27:in `block in create'
  [1m[36mTRANSACTION (146.8ms)[0m  [1m[35mCOMMIT[0m
  ↳ app/controllers/posts_controller.rb:27:in `block in create'
Redirected to http://127.0.0.1:3000/posts/11
Completed 302 Found in 308ms (ActiveRecord: 298.8ms | Allocations: 2953)


Started GET "/posts/11" for 127.0.0.1 at 2022-01-03 15:05:01 +0630
Processing by PostsController#show as TURBO_STREAM
  Parameters: {"id"=>"11"}
  [1m[36mPost Load (0.5ms)[0m  [1m[34mSELECT `posts`.* FROM `posts` WHERE `posts`.`id` = 11 LIMIT 1[0m
  ↳ app/controllers/posts_controller.rb:63:in `set_post'
  Rendering layout layouts/application.html.erb
  Rendering posts/show.html.erb within layouts/application
  Rendered posts/_post.html.erb (Duration: 28.0ms | Allocations: 145)
  Rendered posts/show.html.erb within layouts/application (Duration: 97.9ms | Allocations: 1226)
  Rendered layout layouts/application.html.erb (Duration: 103.4ms | Allocations: 3317)
Completed 200 OK in 218ms (Views: 104.3ms | ActiveRecord: 0.5ms | Allocations: 5847)


Started GET "/posts" for 127.0.0.1 at 2022-01-03 15:05:04 +0630
Processing by PostsController#index as HTML
  Rendering layout layouts/application.html.erb
  Rendering posts/index.html.erb within layouts/application
  [1m[36mPost Load (0.5ms)[0m  [1m[34mSELECT `posts`.* FROM `posts`[0m
  ↳ app/views/posts/index.html.erb:13
  Rendered posts/index.html.erb within layouts/application (Duration: 6.3ms | Allocations: 1513)
  Rendered layout layouts/application.html.erb (Duration: 12.8ms | Allocations: 3604)
Completed 200 OK in 15ms (Views: 13.5ms | ActiveRecord: 0.5ms | Allocations: 3880)


Started GET "/posts/10" for 127.0.0.1 at 2022-01-03 15:05:10 +0630
Processing by PostsController#show as HTML
  Parameters: {"id"=>"10"}
  [1m[36mPost Load (0.6ms)[0m  [1m[34mSELECT `posts`.* FROM `posts` WHERE `posts`.`id` = 10 LIMIT 1[0m
  ↳ app/controllers/posts_controller.rb:63:in `set_post'
  Rendering layout layouts/application.html.erb
  Rendering posts/show.html.erb within layouts/application
  Rendered posts/_post.html.erb (Duration: 0.2ms | Allocations: 19)
  Rendered posts/show.html.erb within layouts/application (Duration: 2.9ms | Allocations: 502)
  Rendered layout layouts/application.html.erb (Duration: 10.4ms | Allocations: 2584)
Completed 200 OK in 16ms (Views: 11.6ms | ActiveRecord: 0.6ms | Allocations: 3335)


Started GET "/posts" for 127.0.0.1 at 2022-01-03 15:05:12 +0630
Processing by PostsController#index as HTML
  Rendering layout layouts/application.html.erb
  Rendering posts/index.html.erb within layouts/application
  [1m[36mPost Load (0.6ms)[0m  [1m[34mSELECT `posts`.* FROM `posts`[0m
  ↳ app/views/posts/index.html.erb:13
  Rendered posts/index.html.erb within layouts/application (Duration: 7.5ms | Allocations: 1509)
  Rendered layout layouts/application.html.erb (Duration: 15.4ms | Allocations: 3598)
Completed 200 OK in 17ms (Views: 15.8ms | ActiveRecord: 0.6ms | Allocations: 3864)


Started GET "/posts/11" for 127.0.0.1 at 2022-01-03 15:05:14 +0630
Processing by PostsController#show as HTML
  Parameters: {"id"=>"11"}
  [1m[36mPost Load (0.7ms)[0m  [1m[34mSELECT `posts`.* FROM `posts` WHERE `posts`.`id` = 11 LIMIT 1[0m
  ↳ app/controllers/posts_controller.rb:63:in `set_post'
  Rendering layout layouts/application.html.erb
  Rendering posts/show.html.erb within layouts/application
  Rendered posts/_post.html.erb (Duration: 0.2ms | Allocations: 19)
  Rendered posts/show.html.erb within layouts/application (Duration: 2.0ms | Allocations: 510)
  Rendered layout layouts/application.html.erb (Duration: 9.4ms | Allocations: 2590)
Completed 200 OK in 17ms (Views: 10.8ms | ActiveRecord: 0.7ms | Allocations: 3333)


Started GET "/posts" for 127.0.0.1 at 2022-01-03 15:05:17 +0630
Processing by PostsController#index as HTML
  Rendering layout layouts/application.html.erb
  Rendering posts/index.html.erb within layouts/application
  [1m[36mPost Load (0.6ms)[0m  [1m[34mSELECT `posts`.* FROM `posts`[0m
  ↳ app/views/posts/index.html.erb:13
  Rendered posts/index.html.erb within layouts/application (Duration: 6.9ms | Allocations: 1505)
  Rendered layout layouts/application.html.erb (Duration: 19.6ms | Allocations: 3594)
Completed 200 OK in 22ms (Views: 20.3ms | ActiveRecord: 0.6ms | Allocations: 3860)


